11
camp x: 69 y: 24 bomb x: 70 y: 10
camp x: 2 y: 37 bomb x: 0 y: 28
camp x: 76 y: 37 bomb x: 90 y: 25
camp x: 28 y: 59 bomb x: 29 y: 65
camp x: 79 y: 27 bomb x: 90 y: 25
camp x: 78 y: 3 bomb x: 70 y: 10
camp x: 42 y: 80 bomb x: 43 y: 89
camp x: 6 y: 18 bomb x: 0 y: 28
camp x: 63 y: 51 bomb x: 61 y: 42
camp x: 4 y: 21 bomb x: 0 y: 28
camp x: 21 y: 82 bomb x: 10 y: 88
camp x: 59 y: 50 bomb x: 61 y: 42
camp x: 44 y: 2 bomb x: 27 y: 6
camp x: 72 y: 6 bomb x: 70 y: 10
camp x: 1 y: 47 bomb x: 0 y: 28
camp x: 39 y: 71 bomb x: 43 y: 89
camp x: 23 y: 93 bomb x: 10 y: 88
camp x: 60 y: 99 bomb x: 69 y: 97
camp x: 30 y: 88 bomb x: 43 y: 89
camp x: 10 y: 61 bomb x: 29 y: 65
camp x: 67 y: 40 bomb x: 61 y: 42
camp x: 64 y: 61 bomb x: 80 y: 66
camp x: 21 y: 23 bomb x: 27 y: 6
camp x: 80 y: 36 bomb x: 90 y: 25
camp x: 74 y: 84 bomb x: 69 y: 97
camp x: 9 y: 95 bomb x: 10 y: 88
camp x: 18 y: 69 bomb x: 29 y: 65
camp x: 97 y: 62 bomb x: 80 y: 66
camp x: 71 y: 21 bomb x: 90 y: 25
camp x: 20 y: 73 bomb x: 10 y: 88
camp x: 68 y: 59 bomb x: 80 y: 66
camp x: 96 y: 44 bomb x: 90 y: 25
camp x: 52 y: 56 bomb x: 61 y: 42
camp x: 43 y: 34 bomb x: 61 y: 42
camp x: 96 y: 54 bomb x: 80 y: 66
camp x: 95 y: 63 bomb x: 80 y: 66
camp x: 46 y: 12 bomb x: 27 y: 6
camp x: 24 y: 19 bomb x: 27 y: 6
camp x: 35 y: 56 bomb x: 29 y: 65
camp x: 56 y: 9 bomb x: 70 y: 10
camp x: 92 y: 65 bomb x: 80 y: 66
camp x: 56 y: 11 bomb x: 70 y: 10
camp x: 86 y: 5 bomb x: 70 y: 10
camp x: 25 y: 10 bomb x: 27 y: 6
camp x: 26 y: 46 bomb x: 29 y: 65
camp x: 35 y: 46 bomb x: 29 y: 65
camp x: 57 y: 31 bomb x: 61 y: 42
camp x: 90 y: 10 bomb x: 90 y: 25
camp x: 87 y: 34 bomb x: 90 y: 25
camp x: 96 y: 35 bomb x: 90 y: 25
camp x: 40 y: 92 bomb x: 43 y: 89
camp x: 50 y: 38 bomb x: 61 y: 42
camp x: 56 y: 74 bomb x: 43 y: 89
camp x: 58 y: 43 bomb x: 61 y: 42
camp x: 83 y: 14 bomb x: 90 y: 25
camp x: 4 y: 75 bomb x: 10 y: 88
camp x: 31 y: 60 bomb x: 29 y: 65
camp x: 38 y: 18 bomb x: 27 y: 6
camp x: 17 y: 16 bomb x: 27 y: 6
camp x: 80 y: 43 bomb x: 61 y: 42
camp x: 62 y: 15 bomb x: 70 y: 10
camp x: 41 y: 71 bomb x: 43 y: 89
camp x: 46 y: 32 bomb x: 61 y: 42
camp x: 81 y: 85 bomb x: 69 y: 97
camp x: 18 y: 78 bomb x: 10 y: 88
camp x: 20 y: 10 bomb x: 27 y: 6
camp x: 22 y: 22 bomb x: 27 y: 6
camp x: 48 y: 30 bomb x: 61 y: 42
camp x: 96 y: 6 bomb x: 90 y: 25
camp x: 73 y: 31 bomb x: 90 y: 25
camp x: 72 y: 77 bomb x: 80 y: 66
camp x: 7 y: 4 bomb x: 7 y: 18
camp x: 89 y: 97 bomb x: 69 y: 97
camp x: 74 y: 6 bomb x: 70 y: 10
camp x: 13 y: 54 bomb x: 29 y: 65
camp x: 1 y: 27 bomb x: 0 y: 28
camp x: 69 y: 42 bomb x: 61 y: 42
camp x: 99 y: 67 bomb x: 80 y: 66
camp x: 74 y: 32 bomb x: 90 y: 25
camp x: 4 y: 44 bomb x: 0 y: 28
****************************B********************                      *****************************
***************************C*******************C                       *****************************
*************************************C**********                      ******************************
************************************************                      ******************************
*********************C**********************C***                     ******C************************
************************************************                     *******************************
******************C*****************************                     *******************************
****C*************B****************************                      *******************************
***********************************************                      *******************************
**********************************************                   *   **************************C****
**********************************************             **C**************************B***********
*********************************************            *******************************************
*********************************************          *********************************************
********************************************         *C*********************************************
*******************************************         ************************************************
******************************************         *************************************************
*****************************************         **************************************************
****************C**********************          ***************************************************
*************************************            ********************C********C*********************
***********************************             ****************************************************
**********C***********************              *************************C**************************
***********************C*********              ***********************************C*****************
**********************C*********               *****************************************************
*******************************               ***********************************************C******
*******************C*********                 ******************************************************
**********C****************                   ******************************************************
**************************                    C*****************************************************
******B********************                   ******************************************************
**************************                    *************C****************************************
**************************                   ********************B**********************************
**************************                    ******************************************C***********
**************************                    **************C***************************************
**************************                    ******************************************************
**************************                    ******************************************************
*************************                     ******************************************************
*************************                     C*********C*******************************************
************************                       *****************************************************
************************                       *****************************************************
******************C****                         ****************************************************
***********************                         ***********************C****************************
**********************                           *******************************************C*******
*********************                     *      **********************C****************************
********************                ************* ******************************C*******************
*******************               C******************************************************B**********
**C**************               ********************************************************************
***************               **********************************************************************
************C                ***C*******************************************************************
      *                     ************************************************************************
                           ***C*************************** *****************************************
                          *********************************      *    ******************************
          *               ************C********************            *****************************
    *************        ***********************************           *****************************
  *****************      *******************************C***            ****************************
*********************   *************************************           ****************************
*********************** *************************************            ***************************
**************************************************************           ***************************
*********C*C**************************************************            C*************************
*******************************C******************************             *************************
*******************************************C******************              ************************
**************************************************C***********               ***********************
**************************************************************    *            ********************C
******************************************B******************************      *********************
***************C***********************************************************    *********************
***************************************************C************************* **********************
*************************************************************C**************************************
****************************************************************************************************
****************************************************************************************************
****************************************C***********************************************************
***********************************************************C****************************************
************************C*****************C******************************************************B**
**********B*****************************************************************************************
*********************C******************************************************************************
******C**********************************************************************C**********************
*******************************C********************************************************************
******C*************************C***************************************************C***************
****************************************************************************************************
*************************************C**************************************************************
****************************************************************************************************
***C************************************************************************************************
***************************C************************************************************************
************************************C******C**********************B*********************************
*******************************************    **************************************C**************
********************************************   *****************************************************
**************C*****************************   *****************************************************
*********************************************  *****************************************************
*********************************************  *****************************************************
*****C***************************************  *************************************** *************
**********************************C**********   *************************************    ***********
  *******************************************   *************************************      *********
    *****************************************    ***********************************             C  
     *****C**************B********************   ***********************************                
      ***************************************     *********************************                 
      ***************************************     ***************C*****************                 
      ***************************************      *******************************                  
      ***************************************       *****************************                   
      ***************************************        **********C****************                    
      C****************************C********C         C************************                     
       *************************************            ******C**************                       
       *************************************              *****************                         
        ***********************************                 *******C*****                           
