solved:  80  with times operator
Elapsed time:  0.22631096839904785  (sec)
hit 675
0, 9, 7, 0, H
4, 13, 1, 10, 5
11, 2, H, 0, 8
6, 0, 0, 12, 3
-----------------------
0, 9, 7, 0, H
4, 13, 1, 10, 5
11, 2, H, 0, 8
6, 0, 12, 0, 3
-----------------------
0, 9, 7, 0, H
4, 13, 1, 10, 5
11, 2, H, 0, 8
6, 0, 12, 3, 0
-----------------------
0, 9, 7, 0, H
4, 13, 1, 10, 5
11, 2, H, 3, 8
6, 0, 12, 0, 0
-----------------------
0, 9, 7, 0, H
4, 13, 1, 10, 5
11, 2, H, 3, 8
6, 12, 0, 0, 0
-----------------------
0, 9, 7, 10, H
4, 13, 1, 0, 5
11, 2, H, 3, 8
6, 12, 0, 0, 0
-----------------------
0, 9, 7, 10, H
4, 13, 1, 3, 5
11, 2, H, 0, 8
6, 12, 0, 0, 0
-----------------------
0, 9, 7, 10, H
4, 13, 1, 3, 5
11, 2, H, 8, 0
6, 12, 0, 0, 0
-----------------------
0, 9, 7, 10, H
4, 13, 1, 3, 0
11, 2, H, 8, 5
6, 12, 0, 0, 0
-----------------------
0, 9, 7, 10, H
4, 13, 1, 3, 0
11, 2, H, 8, 5
6, 0, 12, 0, 0
-----------------------
0, 9, 7, 10, H
4, 13, 1, 3, 0
11, 0, H, 8, 5
6, 2, 12, 0, 0
-----------------------
0, 9, 7, 10, H
4, 13, 1, 3, 0
11, 0, H, 8, 5
6, 2, 0, 12, 0
-----------------------
0, 9, 7, 10, H
4, 13, 1, 3, 0
11, 0, H, 8, 5
6, 2, 0, 0, 12
-----------------------
0, 9, 7, 10, H
4, 13, 1, 3, 0
11, 0, H, 8, 5
6, 0, 2, 0, 12
-----------------------
0, 9, 7, 10, H
4, 13, 1, 3, 0
11, 0, H, 8, 5
6, 0, 0, 2, 12
-----------------------
0, 9, 7, 10, H
4, 13, 1, 3, 0
11, 0, H, 8, 5
0, 6, 0, 2, 12
-----------------------
0, 9, 7, 10, H
4, 13, 1, 3, 0
11, 6, H, 8, 5
0, 0, 0, 2, 12
-----------------------
0, 9, 7, 10, H
4, 13, 1, 3, 0
0, 6, H, 8, 5
11, 0, 0, 2, 12
-----------------------
0, 9, 7, 10, H
0, 13, 1, 3, 0
4, 6, H, 8, 5
11, 0, 0, 2, 12
-----------------------
0, 9, 7, 10, H
13, 0, 1, 3, 0
4, 6, H, 8, 5
11, 0, 0, 2, 12
-----------------------
0, 9, 7, 10, H
13, 1, 0, 3, 0
4, 6, H, 8, 5
11, 0, 0, 2, 12
-----------------------
0, 9, 7, 10, H
13, 1, 3, 0, 0
4, 6, H, 8, 5
11, 0, 0, 2, 12
-----------------------
0, 9, 7, 10, H
13, 1, 3, 8, 0
4, 6, H, 0, 5
11, 0, 0, 2, 12
-----------------------
0, 9, 7, 10, H
13, 1, 3, 8, 0
4, 6, H, 5, 0
11, 0, 0, 2, 12
-----------------------
0, 9, 7, 10, H
13, 1, 3, 8, 0
4, 6, H, 5, 12
11, 0, 0, 2, 0
-----------------------
0, 9, 7, 10, H
13, 1, 3, 8, 0
4, 6, H, 5, 12
11, 0, 0, 0, 2
-----------------------
0, 9, 7, 10, H
13, 1, 3, 8, 12
4, 6, H, 5, 0
11, 0, 0, 0, 2
-----------------------
0, 9, 7, 10, H
13, 1, 3, 8, 12
4, 6, H, 0, 0
11, 0, 0, 5, 2
-----------------------
0, 9, 7, 10, H
13, 1, 3, 8, 12
4, 6, H, 0, 0
11, 0, 5, 0, 2
-----------------------
0, 9, 7, 10, H
13, 1, 3, 8, 12
4, 6, H, 0, 0
11, 5, 0, 0, 2
-----------------------
13, 9, 7, 10, H
0, 1, 3, 8, 12
4, 6, H, 0, 0
11, 5, 0, 0, 2
-----------------------
13, 9, 7, 10, H
1, 0, 3, 8, 12
4, 6, H, 0, 0
11, 5, 0, 0, 2
-----------------------
13, 0, 7, 10, H
1, 9, 3, 8, 12
4, 6, H, 0, 0
11, 5, 0, 0, 2
-----------------------
13, 7, 0, 10, H
1, 9, 3, 8, 12
4, 6, H, 0, 0
11, 5, 0, 0, 2
-----------------------
13, 7, 3, 10, H
1, 9, 0, 8, 12
4, 6, H, 0, 0
11, 5, 0, 0, 2
-----------------------
13, 7, 3, 10, H
1, 0, 9, 8, 12
4, 6, H, 0, 0
11, 5, 0, 0, 2
-----------------------
13, 0, 3, 10, H
1, 7, 9, 8, 12
4, 6, H, 0, 0
11, 5, 0, 0, 2
-----------------------
13, 0, 3, 10, H
1, 7, 9, 0, 12
4, 6, H, 8, 0
11, 5, 0, 0, 2
-----------------------
13, 0, 3, 10, H
1, 7, 0, 9, 12
4, 6, H, 8, 0
11, 5, 0, 0, 2
-----------------------
13, 0, 3, 10, H
1, 0, 7, 9, 12
4, 6, H, 8, 0
11, 5, 0, 0, 2
-----------------------
13, 0, 3, 10, H
1, 0, 7, 9, 12
4, 6, H, 0, 8
11, 5, 0, 0, 2
-----------------------
13, 0, 3, 10, H
1, 0, 7, 0, 12
4, 6, H, 9, 8
11, 5, 0, 0, 2
-----------------------
13, 0, 3, 10, H
1, 0, 7, 0, 12
4, 6, H, 0, 8
11, 5, 0, 9, 2
-----------------------
13, 0, 3, 10, H
1, 0, 7, 0, 12
4, 6, H, 8, 0
11, 5, 0, 9, 2
-----------------------
13, 0, 3, 10, H
1, 0, 0, 7, 12
4, 6, H, 8, 0
11, 5, 0, 9, 2
-----------------------
13, 0, 3, 10, H
0, 1, 0, 7, 12
4, 6, H, 8, 0
11, 5, 0, 9, 2
-----------------------
13, 1, 3, 10, H
0, 0, 0, 7, 12
4, 6, H, 8, 0
11, 5, 0, 9, 2
-----------------------
0, 1, 3, 10, H
13, 0, 0, 7, 12
4, 6, H, 8, 0
11, 5, 0, 9, 2
-----------------------
1, 0, 3, 10, H
13, 0, 0, 7, 12
4, 6, H, 8, 0
11, 5, 0, 9, 2
-----------------------
1, 0, 3, 10, H
13, 0, 7, 0, 12
4, 6, H, 8, 0
11, 5, 0, 9, 2
-----------------------
1, 0, 3, 10, H
13, 0, 7, 8, 12
4, 6, H, 0, 0
11, 5, 0, 9, 2
-----------------------
1, 0, 3, 10, H
13, 7, 0, 8, 12
4, 6, H, 0, 0
11, 5, 0, 9, 2
-----------------------
1, 0, 3, 10, H
13, 7, 8, 0, 12
4, 6, H, 0, 0
11, 5, 0, 9, 2
-----------------------
1, 7, 3, 10, H
13, 0, 8, 0, 12
4, 6, H, 0, 0
11, 5, 0, 9, 2
-----------------------
1, 7, 3, 10, H
13, 8, 0, 0, 12
4, 6, H, 0, 0
11, 5, 0, 9, 2
-----------------------
1, 7, 0, 10, H
13, 8, 3, 0, 12
4, 6, H, 0, 0
11, 5, 0, 9, 2
-----------------------
1, 0, 7, 10, H
13, 8, 3, 0, 12
4, 6, H, 0, 0
11, 5, 0, 9, 2
-----------------------
1, 0, 7, 0, H
13, 8, 3, 10, 12
4, 6, H, 0, 0
11, 5, 0, 9, 2
-----------------------
1, 0, 0, 7, H
13, 8, 3, 10, 12
4, 6, H, 0, 0
11, 5, 0, 9, 2
-----------------------
1, 0, 3, 7, H
13, 8, 0, 10, 12
4, 6, H, 0, 0
11, 5, 0, 9, 2
-----------------------
1, 0, 3, 7, H
13, 8, 0, 0, 12
4, 6, H, 10, 0
11, 5, 0, 9, 2
-----------------------
1, 0, 3, 0, H
13, 8, 0, 7, 12
4, 6, H, 10, 0
11, 5, 0, 9, 2
-----------------------
1, 0, 3, 0, H
13, 8, 7, 0, 12
4, 6, H, 10, 0
11, 5, 0, 9, 2
-----------------------
1, 0, 3, 0, H
13, 8, 7, 10, 12
4, 6, H, 0, 0
11, 5, 0, 9, 2
-----------------------
1, 0, 3, 10, H
13, 8, 7, 0, 12
4, 6, H, 0, 0
11, 5, 0, 9, 2
-----------------------
1, 0, 3, 10, H
13, 8, 0, 7, 12
4, 6, H, 0, 0
11, 5, 0, 9, 2
-----------------------
1, 0, 3, 10, H
13, 8, 0, 0, 12
4, 6, H, 7, 0
11, 5, 0, 9, 2
-----------------------
1, 0, 3, 10, H
13, 0, 8, 0, 12
4, 6, H, 7, 0
11, 5, 0, 9, 2
-----------------------
1, 0, 3, 10, H
0, 13, 8, 0, 12
4, 6, H, 7, 0
11, 5, 0, 9, 2
-----------------------
1, 0, 3, 10, H
4, 13, 8, 0, 12
0, 6, H, 7, 0
11, 5, 0, 9, 2
-----------------------
1, 0, 3, 10, H
4, 13, 8, 0, 12
6, 0, H, 7, 0
11, 5, 0, 9, 2
-----------------------
1, 0, 3, 10, H
4, 0, 8, 0, 12
6, 13, H, 7, 0
11, 5, 0, 9, 2
-----------------------
1, 0, 3, 10, H
4, 8, 0, 0, 12
6, 13, H, 7, 0
11, 5, 0, 9, 2
-----------------------
1, 8, 3, 10, H
4, 0, 0, 0, 12
6, 13, H, 7, 0
11, 5, 0, 9, 2
-----------------------
1, 8, 3, 10, H
0, 4, 0, 0, 12
6, 13, H, 7, 0
11, 5, 0, 9, 2
-----------------------
1, 8, 3, 10, H
0, 0, 4, 0, 12
6, 13, H, 7, 0
11, 5, 0, 9, 2
-----------------------
1, 8, 3, 10, H
0, 13, 4, 0, 12
6, 0, H, 7, 0
11, 5, 0, 9, 2
-----------------------
1, 8, 3, 10, H
0, 13, 0, 4, 12
6, 0, H, 7, 0
11, 5, 0, 9, 2
-----------------------
1, 8, 3, 10, H
13, 0, 0, 4, 12
6, 0, H, 7, 0
11, 5, 0, 9, 2
-----------------------
1, 0, 3, 10, H
13, 8, 0, 4, 12
6, 0, H, 7, 0
11, 5, 0, 9, 2
-----------------------
