nowAlp: a

nowAlp: b

nowAlp: c

nowAlp: d

nowAlp: e

nowAlp: f

nowAlp: g

nowAlp: h

nowAlp: i

nowAlp: j

nowAlp: k

nowAlp: l

nowAlp: m

nowAlp: n

nowAlp: o
out 3

nowAlp: p

nowAlp: q

nowAlp: r

nowAlp: s

nowAlp: t
to 0

nowAlp: u

nowAlp: v

nowAlp: w

nowAlp: x

nowAlp: y

nowAlp: z

nowAlp: A

nowAlp: B

nowAlp: C

nowAlp: D

nowAlp: E

nowAlp: F

nowAlp: G

nowAlp: H

nowAlp: I

nowAlp: J

nowAlp: K

nowAlp: L

nowAlp: M

nowAlp: N

nowAlp: O

nowAlp: P

nowAlp: Q

nowAlp: R

nowAlp: S

nowAlp: T

nowAlp: U

nowAlp: V

nowAlp: W

nowAlp: X

nowAlp: Y

nowAlp: Z

nowAlp: .

0 
0 
3 
