#1 9
#2 1
#3 13
#4 12
#5 15
#6 11
#7 25
#8 10
#9 7
#10 25
#11 13
#12 16
#13 9
#14 20
#15 25
#16 18
#17 19
#18 13
#19 9
#20 17
#21 15
#22 19
#23 13
#24 9
#25 16
#26 9
#27 22
#28 15
#29 20
#30 10
#31 18
#32 13
#33 17
#34 25
#35 11
#36 12
#37 12
#38 18
#39 11
#40 9
#41 20
#42 20
#43 21
#44 11
#45 15
#46 25
#47 21
#48 9
#49 13
#50 11
#51 10
#52 5
#53 25
#54 13
#55 25
#56 18
#57 11
#58 11
#59 9
#60 13
#61 13
#62 13
#63 25
#64 15
#65 25
#66 17
#67 7
#68 7
#69 25
#70 25
#71 19
#72 11
#73 11
#74 11
#75 7
#76 25
#77 16
#78 10
#79 25
#80 20
#81 16
#82 22
#83 12
#84 25
#85 9
#86 11
#87 19
#88 25
#89 17
#90 9
#91 7
#92 10
#93 20
#94 7
#95 22
#96 25
#97 15
#98 14
#99 17
#100 8
#101 10
#102 25
#103 14
#104 13
#105 13
#106 13
#107 21
#108 9
#109 17
#110 25
#111 9
#112 18
#113 25
#114 12
#115 17
#116 10
#117 25
#118 25
#119 25
#120 11
#121 19
#122 17
#123 25
#124 17
#125 15
#126 25
#127 15
#128 7
#129 10
#130 20
#131 15
#132 13
#133 13
#134 21
#135 18
#136 9
#137 14
#138 19
#139 12
#140 13
#141 13
#142 17
#143 13
#144 25
#145 13
#146 9
#147 12
#148 25
#149 12
#150 25
#151 9
#152 10
#153 25
#154 10
#155 25
#156 13
#157 11
#158 14
#159 11
#160 8
#161 25
#162 11
#163 19
#164 17
#165 11
#166 19
#167 15
#168 22
#169 21
#170 25
#171 7
#172 22
#173 18
#174 25
#175 11
#176 13
#177 25
#178 17
#179 25
#180 18
#181 7
#182 12
#183 11
#184 25
#185 21
#186 13
#187 14
#188 18
#189 15
#190 15
#191 10
#192 15
#193 7
#194 15
#195 11
#196 13
#197 25
#198 25
#199 25
#200 11
#201 9
#202 12
#203 12
#204 15
#205 17
#206 17
#207 13
#208 10
#209 15
#210 9
#211 7
#212 14
#213 11
#214 14
#215 9
#216 16
#217 17
#218 25
#219 25
#220 13
#221 13
#222 23
#223 12
#224 11
#225 11
#226 25
#227 15
#228 11
#229 25
#230 6
#231 12
#232 11
#233 18
#234 19
#235 17
#236 13
#237 18
#238 11
#239 19
#240 19
#241 25
#242 19
#243 16
#244 11
#245 25
#246 11
#247 13
#248 12
#249 25
#250 7
#251 9
#252 15
#253 20
#254 11
#255 16
#256 13
#257 11
#258 13
#259 19
#260 18
#261 11
#262 11
#263 11
#264 14
#265 10
#266 18
#267 25
#268 18
#269 16
#270 12
#271 20
#272 17
#273 13
#274 7
#275 13
#276 25
#277 13
#278 21
#279 25
#280 12
#281 25
#282 12
#283 25
#284 15
#285 11
#286 9
#287 13
#288 15
#289 20
#290 17
#291 25
#292 15
#293 19
#294 11
#295 25
#296 25
#297 15
#298 13
#299 20
#300 9
#301 21
#302 9
#303 20
#304 9
#305 25
#306 11
#307 18
#308 15
#309 25
#310 15
#311 21
#312 19
#313 19
#314 7
#315 9
#316 22
#317 16
#318 22
#319 25
#320 14
#321 17
#322 20
#323 9
#324 22
#325 19
#326 19
#327 13
#328 9
#329 19
#330 10
#331 9
#332 14
#333 17
#334 9
#335 9
#336 25
#337 9
#338 9
#339 14
#340 10
#341 13
#342 11
#343 13
#344 12
#345 9
#346 25
#347 11
#348 11
#349 11
#350 20
#351 22
#352 13
#353 11
#354 17
#355 9
#356 9
#357 25
#358 25
#359 12
#360 8
#361 25
#362 8
#363 9
#364 17
#365 12
#366 25
#367 17
#368 20
#369 15
#370 7
#371 25
#372 12
#373 13
#374 15
#375 15
#376 21
#377 16
#378 13
#379 25
#380 17
#381 25
#382 18
#383 11
#384 12
#385 9
#386 9
#387 9
#388 9
#389 16
#390 12
#391 25
#392 16
#393 19
#394 22
#395 11
#396 20
#397 16
#398 21
#399 18
#400 18
#401 11
#402 11
#403 17
#404 21
#405 10
#406 19
#407 9
#408 17
#409 25
#410 11
#411 25
#412 22
#413 20
#414 11
#415 20
#416 25
#417 25
#418 8
#419 25
#420 10
#421 12
#422 21
#423 13
#424 15
#425 13
#426 25
#427 9
#428 19
#429 11
#430 11
#431 11
#432 19
#433 9
#434 17
#435 9
#436 18
#437 14
#438 25
#439 13
#440 11
#441 12
#442 20
#443 13
#444 17
#445 13
#446 16
#447 25
#448 6
#449 25
#450 15
#451 16
#452 8
#453 25
#454 10
#455 7
#456 25
#457 12
#458 18
#459 16
#460 9
#461 25
#462 13
#463 11
#464 12
#465 12
#466 13
#467 9
#468 17
#469 9
#470 11
#471 10
#472 16
#473 15
#474 15
#475 15
#476 21
#477 7
#478 11
#479 13
#480 11
#481 11
#482 9
#483 16
#484 9
#485 7
#486 12
#487 13
#488 13
#489 17
#490 13
#491 8
#492 19
#493 25
#494 20
#495 25
#496 22
#497 15
#498 17
#499 17
#500 19
#501 19
#502 11
#503 18
#504 18
#505 17
#506 9
#507 21
#508 25
#509 25
#510 13
#511 18
#512 9
#513 25
#514 19
#515 21
#516 18
#517 25
#518 13
#519 13
#520 21
#521 9
#522 9
#523 14
#524 25
#525 16
#526 14
#527 11
#528 17
#529 13
#530 9
#531 16
#532 19
#533 8
#534 11
#535 21
#536 25
#537 25
#538 12
#539 25
#540 21
#541 10
#542 7
#543 13
#544 7
#545 21
#546 16
#547 11
#548 9
#549 15
#550 11
#551 13
#552 25
#553 19
#554 17
#555 16
#556 22
#557 9
#558 5
#559 17
#560 14
#561 17
#562 25
#563 9
#564 25
#565 11
#566 8
#567 25
#568 11
#569 8
#570 25
#571 15
#572 25
#573 11
#574 19
#575 11
#576 17
#577 14
#578 16
#579 12
#580 14
#581 18
#582 9
#583 7
#584 25
#585 8
#586 11
#587 14
#588 14
#589 19
#590 10
#591 13
#592 15
#593 9
#594 11
#595 11
#596 13
#597 11
#598 9
#599 25
#600 25
#601 23
#602 19
#603 9
#604 18
#605 19
#606 14
#607 25
#608 11
#609 25
#610 25
#611 11
#612 11
#613 15
#614 19
#615 15
#616 7
#617 12
#618 11
#619 25
#620 13
#621 10
#622 21
#623 18
#624 9
#625 11
#626 11
#627 25
#628 18
#629 12
#630 21
#631 13
#632 11
#633 17
#634 7
#635 16
#636 25
#637 23
#638 25
#639 12
#640 17
#641 13
#642 16
#643 9
#644 18
#645 14
#646 10
#647 9
#648 11
#649 19
#650 21
#651 19
#652 10
#653 13
#654 11
#655 9
#656 13
#657 9
#658 13
#659 20
#660 17
#661 17
#662 21
#663 21
#664 10
#665 19
#666 10
#667 25
#668 12
#669 25
#670 18
#671 17
#672 17
#673 15
#674 9
#675 13
#676 13
#677 11
#678 19
#679 12
#680 14
#681 12
#682 25
#683 22
#684 11
#685 15
#686 11
#687 20
#688 11
#689 19
#690 13
#691 12
#692 22
#693 25
#694 25
#695 16
#696 25
#697 14
#698 25
#699 12
#700 12
#701 11
#702 17
#703 21
#704 9
#705 15
#706 25
#707 17
#708 15
#709 16
#710 9
#711 25
#712 15
#713 9
#714 20
#715 19
#716 13
#717 20
#718 7
#719 11
#720 9
#721 16
#722 17
#723 12
#724 15
#725 14
#726 10
#727 17
#728 17
#729 21
#730 15
#731 14
#732 25
#733 13
#734 13
#735 15
#736 13
#737 25
#738 9
#739 9
#740 7
#741 11
#742 7
#743 13
#744 17
#745 25
#746 11
#747 18
#748 15
#749 23
#750 25
#751 13
#752 15
#753 21
#754 11
#755 12
#756 11
#757 16
#758 22
#759 15
#760 25
#761 10
#762 11
#763 19
#764 13
#765 17
#766 10
#767 16
#768 25
#769 18
#770 14
#771 16
#772 11
#773 9
#774 9
#775 25
#776 13
#777 9
#778 25
#779 16
#780 25
#781 18
#782 11
#783 9
#784 25
#785 25
#786 11
#787 11
#788 25
#789 18
#790 14
#791 17
#792 13
#793 18
#794 13
#795 17
#796 11
#797 21
#798 25
#799 20
#800 9
#801 14
#802 16
#803 11
#804 20
#805 11
#806 12
#807 15
#808 15
#809 22
#810 7
#811 25
#812 25
#813 10
#814 11
#815 20
#816 12
#817 10
#818 13
#819 20
#820 8
#821 17
#822 9
#823 25
#824 10
#825 13
#826 10
#827 17
#828 25
#829 13
#830 25
#831 18
#832 7
#833 25
#834 14
#835 11
#836 17
#837 25
#838 10
#839 14
#840 25
#841 17
#842 9
#843 11
#844 21
#845 12
#846 9
#847 11
#848 9
#849 14
#850 15
#851 11
#852 7
#853 11
#854 15
#855 19
#856 18
#857 25
#858 17
#859 12
#860 25
#861 20
#862 25
#863 21
#864 13
#865 25
#866 12
#867 17
#868 11
#869 17
#870 10
#871 11
#872 15
#873 25
#874 11
#875 25
#876 13
#877 21
#878 25
#879 14
#880 25
#881 7
#882 13
#883 18
#884 17
#885 19
#886 25
#887 21
#888 25
#889 25
#890 16
#891 13
#892 16
#893 10
#894 9
#895 25
#896 25
#897 12
#898 17
#899 25
#900 25
#901 9
#902 25
#903 13
#904 11
#905 9
#906 8
#907 11
#908 11
#909 11
#910 17
#911 18
#912 21
#913 14
#914 11
#915 20
#916 11
#917 17
#918 20
#919 21
#920 17
#921 11
#922 25
#923 10
#924 21
#925 13
#926 13
#927 19
#928 21
#929 9
#930 15
#931 11
#932 13
#933 11
#934 12
#935 22
#936 21
#937 25
#938 12
#939 9
#940 10
#941 10
#942 25
#943 11
#944 23
#945 17
#946 11
#947 15
#948 17
#949 17
#950 14
#951 14
#952 16
#953 12
#954 11
#955 18
#956 25
#957 11
#958 13
#959 14
#960 21
#961 25
#962 25
#963 13
#964 11
#965 16
#966 14
#967 25
#968 9
#969 9
#970 25
#971 11
#972 16
#973 19
#974 25
#975 8
#976 19
#977 7
#978 13
#979 11
#980 25
#981 25
#982 25
#983 15
#984 11
#985 25
#986 25
#987 5
#988 25
#989 19
#990 9
#991 20
#992 18
#993 15
#994 13
#995 19
#996 18
#997 25
#998 7
#999 9
#1000 25
#1001 7
#1002 11
#1003 25
#1004 13
#1005 21
#1006 12
#1007 20
#1008 16
#1009 9
#1010 11
#1011 10
#1012 19
#1013 19
#1014 19
#1015 11
#1016 16
#1017 25
#1018 12
#1019 25
#1020 25
#1021 25
#1022 25
#1023 10
#1024 9
#1025 25
#1026 15
#1027 16
#1028 9
#1029 25
#1030 25
#1031 14
#1032 25
#1033 25
#1034 15
#1035 25
#1036 15
#1037 25
#1038 10
#1039 25
#1040 8
#1041 20
#1042 25
#1043 25
#1044 25
#1045 12
#1046 25
#1047 13
#1048 11
#1049 25
#1050 16
#1051 19
#1052 17
#1053 25
#1054 9
#1055 13
#1056 25
#1057 15
#1058 11
#1059 9
#1060 7
#1061 21
#1062 13
#1063 13
#1064 22
#1065 8
#1066 7
#1067 10
#1068 9
#1069 25
#1070 7
#1071 19
#1072 17
#1073 25
#1074 13
#1075 25
#1076 9
#1077 23
#1078 25
#1079 16
#1080 20
#1081 9
#1082 18
#1083 15
#1084 20
#1085 18
#1086 21
#1087 19
#1088 13
#1089 17
#1090 16
#1091 11
#1092 18
#1093 25
#1094 25
#1095 21
#1096 16
#1097 17
#1098 22
#1099 25
#1100 16
#1101 12
#1102 17
#1103 25
#1104 25
#1105 21
#1106 11
#1107 10
#1108 11
#1109 15
#1110 15
#1111 11
#1112 19
#1113 11
#1114 13
#1115 25
#1116 9
#1117 13
#1118 13
#1119 8
#1120 25
#1121 11
#1122 18
#1123 19
#1124 9
#1125 5
#1126 14
#1127 11
#1128 13
#1129 8
#1130 25
#1131 12
#1132 18
#1133 16
#1134 25
#1135 10
#1136 11
#1137 10
#1138 25
#1139 9
#1140 7
#1141 8
#1142 15
#1143 20
#1144 10
#1145 25
#1146 18
#1147 13
#1148 17
#1149 20
#1150 13
#1151 17
#1152 9
#1153 25
#1154 25
#1155 7
#1156 10
#1157 13
#1158 25
#1159 7
#1160 21
#1161 25
#1162 23
#1163 19
#1164 19
#1165 19
#1166 17
#1167 25
#1168 17
#1169 13
#1170 19
#1171 13
#1172 12
#1173 13
#1174 11
#1175 10
#1176 22
#1177 13
#1178 11
#1179 16
#1180 15
#1181 18
#1182 8
#1183 11
#1184 25
#1185 11
#1186 8
#1187 21
#1188 9
#1189 11
#1190 18
#1191 25
#1192 25
#1193 11
#1194 19
#1195 19
#1196 25
#1197 25
#1198 20
#1199 12
#1200 9
#1201 11
#1202 19
#1203 8
#1204 14
#1205 24
#1206 22
#1207 7
#1208 21
#1209 9
#1210 11
#1211 9
#1212 11
#1213 13
#1214 12
#1215 10
#1216 18
#1217 20
#1218 12
#1219 15
#1220 12
#1221 10
#1222 8
#1223 11
#1224 15
#1225 11
#1226 21
#1227 25
#1228 22
#1229 25
#1230 12
#1231 13
#1232 15
#1233 9
#1234 19
#1235 10
#1236 16
#1237 9
#1238 10
#1239 20
#1240 13
#1241 9
#1242 21
#1243 7
#1244 11
#1245 10
#1246 25
#1247 25
#1248 17
#1249 21
#1250 11
#1251 25
#1252 16
#1253 13
#1254 15
#1255 18
#1256 25
#1257 19
#1258 18
#1259 25
#1260 16
#1261 19
#1262 9
#1263 17
#1264 7
#1265 17
#1266 15
#1267 19
#1268 21
#1269 9
#1270 16
#1271 13
#1272 25
#1273 11
#1274 21
#1275 8
#1276 20
#1277 20
#1278 13
#1279 10
#1280 17
#1281 16
#1282 18
#1283 25
#1284 19
#1285 10
#1286 18
#1287 9
#1288 12
#1289 25
#1290 25
#1291 16
#1292 13
#1293 25
#1294 14
#1295 12
#1296 25
#1297 9
#1298 25
#1299 15
#1300 9
#1301 11
#1302 15
#1303 17
#1304 21
#1305 12
#1306 14
#1307 20
#1308 13
#1309 21
#1310 19
#1311 11
#1312 25
#1313 11
#1314 25
#1315 11
#1316 25
#1317 21
#1318 18
#1319 19
#1320 13
#1321 17
#1322 7
#1323 25
#1324 11
#1325 12
#1326 16
#1327 20
#1328 13
#1329 13
#1330 12
#1331 9
#1332 25
#1333 7
#1334 8
#1335 21
#1336 9
#1337 20
#1338 12
#1339 19
#1340 14
#1341 18
#1342 25
#1343 12
#1344 15
#1345 16
#1346 15
#1347 11
#1348 15
#1349 11
#1350 8
#1351 11
#1352 19
#1353 25
#1354 25
#1355 25
#1356 17
#1357 25
#1358 15
#1359 17
#1360 11
#1361 10
#1362 13
#1363 17
#1364 11
#1365 10
#1366 25
#1367 17
#1368 14
#1369 9
#1370 20
#1371 25
#1372 25
#1373 25
#1374 6
#1375 11
#1376 13
#1377 25
#1378 21
#1379 11
#1380 25
#1381 14
#1382 17
#1383 9
#1384 25
#1385 14
#1386 17
#1387 14
#1388 11
#1389 25
#1390 19
#1391 15
#1392 17
#1393 25
#1394 9
#1395 15
#1396 25
#1397 10
#1398 13
#1399 14
#1400 19
#1401 11
#1402 11
#1403 10
#1404 9
#1405 12
#1406 25
#1407 16
#1408 11
#1409 17
#1410 17
#1411 25
#1412 20
#1413 10
#1414 16
#1415 12
#1416 13
#1417 13
#1418 8
#1419 18
#1420 19
#1421 11
#1422 9
#1423 22
#1424 14
#1425 21
#1426 13
#1427 11
#1428 14
#1429 10
#1430 25
#1431 25
#1432 20
#1433 12
#1434 13
#1435 20
#1436 20
#1437 16
#1438 11
#1439 25
#1440 18
#1441 25
#1442 13
#1443 12
#1444 13
#1445 12
#1446 13
#1447 21
#1448 7
#1449 15
#1450 16
#1451 19
#1452 16
#1453 25
#1454 15
#1455 25
#1456 9
#1457 11
#1458 7
#1459 25
#1460 8
#1461 15
#1462 13
#1463 11
#1464 25
#1465 21
#1466 15
#1467 9
#1468 12
#1469 12
#1470 17
#1471 25
#1472 17
#1473 25
#1474 12
#1475 13
#1476 21
#1477 11
#1478 22
#1479 25
#1480 13
#1481 16
#1482 17
#1483 15
#1484 15
#1485 8
#1486 16
#1487 19
#1488 17
#1489 15
#1490 11
#1491 25
#1492 12
#1493 11
#1494 13
#1495 9
#1496 11
#1497 21
#1498 11
#1499 14
#1500 14
#1501 11
#1502 19
#1503 25
#1504 12
#1505 9
#1506 22
#1507 11
#1508 10
#1509 25
#1510 11
#1511 15
#1512 17
#1513 9
#1514 7
#1515 21
#1516 25
#1517 15
#1518 16
#1519 25
#1520 16
#1521 20
#1522 22
#1523 12
#1524 21
#1525 22
#1526 21
#1527 16
#1528 20
#1529 25
#1530 11
#1531 18
#1532 11
#1533 13
#1534 12
#1535 7
#1536 15
#1537 17
#1538 12
#1539 13
#1540 15
#1541 8
#1542 25
#1543 17
#1544 11
#1545 14
#1546 25
#1547 13
#1548 15
#1549 13
#1550 5
#1551 16
#1552 10
#1553 21
#1554 11
#1555 14
#1556 17
#1557 13
#1558 11
#1559 20
#1560 21
#1561 16
#1562 10
#1563 8
#1564 17
#1565 21
#1566 14
#1567 25
#1568 11
#1569 11
#1570 18
#1571 25
#1572 16
#1573 9
#1574 9
#1575 11
#1576 25
#1577 17
#1578 13
#1579 16
#1580 12
#1581 11
#1582 20
#1583 7
#1584 25
#1585 11
#1586 12
#1587 9
#1588 19
#1589 18
#1590 11
#1591 20
#1592 25
#1593 20
#1594 11
#1595 9
#1596 25
#1597 15
#1598 9
#1599 21
#1600 10
#1601 9
#1602 7
#1603 21
#1604 14
#1605 25
#1606 25
#1607 25
#1608 13
#1609 18
#1610 13
#1611 9
#1612 25
#1613 15
#1614 7
#1615 19
#1616 13
#1617 14
#1618 18
#1619 25
#1620 15
#1621 20
#1622 25
#1623 15
#1624 25
#1625 25
#1626 19
#1627 13
#1628 11
#1629 17
#1630 8
#1631 20
#1632 17
#1633 15
#1634 15
#1635 25
#1636 16
#1637 15
#1638 9
#1639 20
#1640 25
#1641 19
#1642 14
#1643 14
#1644 17
#1645 9
#1646 15
#1647 23
#1648 9
#1649 15
#1650 13
#1651 13
#1652 25
#1653 12
#1654 17
#1655 9
#1656 10
#1657 13
#1658 25
#1659 15
#1660 16
#1661 16
#1662 25
#1663 18
#1664 10
#1665 25
#1666 10
#1667 20
#1668 14
#1669 16
#1670 8
#1671 18
#1672 13
#1673 13
#1674 9
#1675 14
#1676 9
#1677 13
#1678 25
#1679 9
#1680 22
#1681 11
#1682 15
#1683 18
#1684 8
#1685 19
#1686 8
#1687 25
#1688 11
#1689 25
#1690 16
#1691 14
#1692 20
#1693 9
#1694 17
#1695 9
#1696 13
#1697 14
#1698 10
#1699 25
#1700 17
#1701 13
#1702 9
#1703 11
#1704 19
#1705 15
#1706 14
#1707 11
#1708 11
#1709 9
#1710 12
#1711 25
#1712 11
#1713 13
#1714 19
#1715 18
#1716 25
#1717 10
#1718 25
#1719 17
#1720 25
#1721 13
#1722 9
#1723 15
#1724 22
#1725 20
#1726 18
#1727 16
#1728 11
#1729 13
#1730 18
#1731 19
#1732 9
#1733 13
#1734 11
#1735 17
#1736 11
#1737 13
#1738 9
#1739 10
#1740 19
#1741 19
#1742 17
#1743 11
#1744 14
#1745 22
#1746 22
#1747 19
#1748 23
#1749 25
#1750 15
#1751 25
#1752 16
#1753 10
#1754 25
#1755 20
#1756 12
#1757 25
#1758 15
#1759 8
#1760 10
#1761 10
#1762 10
#1763 8
#1764 8
#1765 12
#1766 11
#1767 20
#1768 17
#1769 10
#1770 11
#1771 15
#1772 15
#1773 9
#1774 7
#1775 19
#1776 9
#1777 25
#1778 13
#1779 15
#1780 16
#1781 25
#1782 13
#1783 9
#1784 21
#1785 13
#1786 20
#1787 8
#1788 21
#1789 10
#1790 11
#1791 25
#1792 15
#1793 13
#1794 9
#1795 15
#1796 7
#1797 16
#1798 14
#1799 9
#1800 13
#1801 13
#1802 13
#1803 19
#1804 7
#1805 16
#1806 11
#1807 15
#1808 11
#1809 15
#1810 12
#1811 11
#1812 7
#1813 12
#1814 25
#1815 17
#1816 25
#1817 25
#1818 9
#1819 25
#1820 21
#1821 9
#1822 20
#1823 19
#1824 11
#1825 25
#1826 11
#1827 20
#1828 9
#1829 21
#1830 12
#1831 9
#1832 20
#1833 25
#1834 12
#1835 7
#1836 25
#1837 19
#1838 9
#1839 7
#1840 25
#1841 18
#1842 11
#1843 19
#1844 9
#1845 19
#1846 7
#1847 11
#1848 22
#1849 11
#1850 9
#1851 25
#1852 17
#1853 19
#1854 11
#1855 7
#1856 21
#1857 15
#1858 20
#1859 14
#1860 21
#1861 7
#1862 14
#1863 17
#1864 10
#1865 8
#1866 23
#1867 13
#1868 25
#1869 22
#1870 25
#1871 25
#1872 8
#1873 11
#1874 17
#1875 13
#1876 17
#1877 18
#1878 9
#1879 17
#1880 13
#1881 16
#1882 25
#1883 25
#1884 9
#1885 13
#1886 21
#1887 17
#1888 11
#1889 25
#1890 21
#1891 15
#1892 15
#1893 13
#1894 7
#1895 13
#1896 17
#1897 18
#1898 25
#1899 13
#1900 10
#1901 7
#1902 11
#1903 17
#1904 15
#1905 19
#1906 19
#1907 15
#1908 11
#1909 20
#1910 16
#1911 22
#1912 25
#1913 14
#1914 21
#1915 25
#1916 21
#1917 8
#1918 25
#1919 9
#1920 18
#1921 21
#1922 17
#1923 14
#1924 10
#1925 12
#1926 13
#1927 9
#1928 5
#1929 15
#1930 20
#1931 25
#1932 15
#1933 9
#1934 9
#1935 18
#1936 21
#1937 11
#1938 25
#1939 19
#1940 13
#1941 13
#1942 15
#1943 13
#1944 13
#1945 9
#1946 20
#1947 13
#1948 19
#1949 11
#1950 17
#1951 19
#1952 15
#1953 13
#1954 5
#1955 17
#1956 17
#1957 22
#1958 16
#1959 11
#1960 10
#1961 17
#1962 17
#1963 9
#1964 17
#1965 17
#1966 9
#1967 6
#1968 12
#1969 13
#1970 9
#1971 15
#1972 11
#1973 9
#1974 17
#1975 11
#1976 9
#1977 19
#1978 25
#1979 13
#1980 14
#1981 11
#1982 25
#1983 22
#1984 21
#1985 7
#1986 8
#1987 13
#1988 15
#1989 25
#1990 8
#1991 25
#1992 25
#1993 16
#1994 15
#1995 12
#1996 17
#1997 9
#1998 11
#1999 17
#2000 12
