time 0
1 0 0 0 
sec.size 1
sec pid 0
========== time : 1
sec from : 0, sec sz : 1000, sec pid : -1, sec etime : 0
==========
time 1
1 1 1 0 
sec.size 3
sec pid 1
time 2
1 1 1 0 
sec.size 3
sec pid 1
time 3
1 1 1 0 
sec.size 3
sec pid 1
time 4
1 1 1 0 
sec.size 3
sec pid 1
time 5
1 1 1 0 
sec.size 3
sec pid 1
time 6
1 1 1 0 
sec.size 3
sec pid 1
time 7
1 1 1 0 
sec.size 3
sec pid 1
time 8
1 1 1 0 
sec.size 3
sec pid 1
time 9
1 1 1 0 
sec.size 3
sec pid 1
time 10
1 1 1 0 
sec.size 3
sec pid 1
time 11
1 1 1 0 
sec.size 3
sec pid 1
time 12
1 1 1 0 
sec.size 3
sec pid 1
time 13
1 1 1 0 
sec.size 3
sec pid 1
time 14
1 1 1 0 
sec.size 3
sec pid 1
time 15
1 1 1 0 
sec.size 3
sec pid 1
time 16
1 1 1 0 
sec.size 3
sec pid 1
time 17
1 1 1 0 
sec.size 3
sec pid 1
time 18
1 1 1 0 
sec.size 3
sec pid 1
time 19
1 1 1 0 
sec.size 3
sec pid 1
time 20
1 1 1 0 
sec.size 3
sec pid 1
time 21
1 1 1 0 
sec.size 3
sec pid 1
time 22
1 1 1 0 
sec.size 3
sec pid 1
time 23
1 1 1 0 
sec.size 3
sec pid 1
time 24
1 1 1 0 
sec.size 3
sec pid 1
time 25
1 1 1 0 
sec.size 3
sec pid 1
time 26
1 1 1 0 
sec.size 3
sec pid 1
time 27
1 1 1 0 
sec.size 3
sec pid 1
time 28
1 1 1 0 
sec.size 3
sec pid 1
time 29
1 1 1 0 
sec.size 3
sec pid 1
time 30
1 1 1 0 
sec.size 3
sec pid 1
time 31
1 1 1 0 
sec.size 3
sec pid 1
time 32
1 1 1 0 
sec.size 3
sec pid 1
time 33
1 1 1 0 
sec.size 3
sec pid 1
time 34
1 1 1 0 
sec.size 3
sec pid 1
time 35
1 1 1 0 
sec.size 3
sec pid 1
time 36
1 1 1 0 
sec.size 3
sec pid 1
time 37
1 1 1 0 
sec.size 3
sec pid 1
time 38
1 1 1 0 
sec.size 3
sec pid 1
time 39
1 1 1 0 
sec.size 3
sec pid 1
time 40
1 1 1 0 
sec.size 3
sec pid 1
time 41
1 1 1 0 
sec.size 3
sec pid 1
time 42
1 1 1 0 
sec.size 3
sec pid 1
time 43
1 1 1 0 
sec.size 3
sec pid 1
time 44
1 1 1 0 
sec.size 3
sec pid 1
time 45
1 1 1 0 
sec.size 3
sec pid 1
time 46
1 1 1 0 
sec.size 3
sec pid 1
time 47
1 1 1 0 
sec.size 3
sec pid 1
time 48
1 1 1 0 
sec.size 3
sec pid 1
time 49
1 1 1 0 
sec.size 3
sec pid 1
time 50
1 1 1 0 
sec.size 3
sec pid 1
time 51
1 1 1 0 
sec.size 3
sec pid 1
time 52
1 1 1 0 
sec.size 3
sec pid 1
time 53
1 1 1 0 
sec.size 3
sec pid 1
time 54
1 1 1 0 
sec.size 3
sec pid 1
time 55
1 1 1 0 
sec.size 3
sec pid 1
time 56
1 1 1 0 
sec.size 3
sec pid 1
time 57
1 1 1 0 
sec.size 3
sec pid 1
time 58
1 1 1 0 
sec.size 3
sec pid 1
time 59
1 1 1 0 
sec.size 3
sec pid 1
time 60
1 1 1 0 
sec.size 3
sec pid 1
time 61
1 1 1 0 
sec.size 3
sec pid 1
time 62
1 1 1 0 
sec.size 3
sec pid 1
time 63
1 1 1 0 
sec.size 3
sec pid 1
time 64
1 1 1 0 
sec.size 3
sec pid 1
time 65
1 1 1 0 
sec.size 3
sec pid 1
time 66
1 1 1 0 
sec.size 3
sec pid 1
time 67
1 1 1 0 
sec.size 3
sec pid 1
time 68
1 1 1 0 
sec.size 3
sec pid 1
time 69
1 1 1 0 
sec.size 3
sec pid 1
time 70
1 1 1 0 
sec.size 3
sec pid 1
time 71
1 1 1 0 
sec.size 3
sec pid 1
time 72
1 1 1 0 
sec.size 3
sec pid 1
time 73
1 1 1 0 
sec.size 3
sec pid 1
time 74
1 1 1 0 
sec.size 3
sec pid 1
time 75
1 1 1 0 
sec.size 3
sec pid 1
time 76
1 1 1 0 
sec.size 3
sec pid 1
time 77
1 1 1 0 
sec.size 3
sec pid 1
time 78
1 1 1 0 
sec.size 3
sec pid 1
time 79
1 1 1 0 
sec.size 3
sec pid 1
time 80
1 1 1 0 
sec.size 3
sec pid 1
time 81
1 1 1 0 
sec.size 3
sec pid 1
time 82
1 1 1 0 
sec.size 3
sec pid 1
time 83
1 1 1 0 
sec.size 3
sec pid 1
time 84
1 1 1 0 
sec.size 3
sec pid 1
time 85
1 1 1 0 
sec.size 3
sec pid 1
time 86
1 1 1 0 
sec.size 3
sec pid 1
time 87
1 1 1 0 
sec.size 3
sec pid 1
time 88
1 1 1 0 
sec.size 3
sec pid 1
time 89
1 1 1 0 
sec.size 3
sec pid 1
time 90
1 1 1 0 
sec.size 3
sec pid 1
time 91
1 1 1 0 
sec.size 3
sec pid 1
time 92
1 1 1 0 
sec.size 3
sec pid 1
time 93
1 1 1 0 
sec.size 3
sec pid 1
time 94
1 1 1 0 
sec.size 3
sec pid 1
time 95
1 1 1 0 
sec.size 3
sec pid 1
time 96
1 1 1 0 
sec.size 3
sec pid 1
time 97
1 1 1 0 
sec.size 3
sec pid 1
time 98
1 1 1 0 
sec.size 3
sec pid 1
time 99
1 1 1 0 
sec.size 3
sec pid 1
time 100
1 1 1 0 
sec.size 3
sec pid 1
time 101
1 1 1 0 
sec.size 3
sec pid 1
time 102
1 1 1 0 
sec.size 3
sec pid 1
time 103
1 1 1 0 
sec.size 3
sec pid 1
time 104
1 1 1 0 
sec.size 3
sec pid 1
time 105
1 1 1 0 
sec.size 3
sec pid 1
time 106
1 1 1 0 
sec.size 3
sec pid 1
time 107
1 1 1 0 
sec.size 3
sec pid 1
time 108
1 1 1 0 
sec.size 3
sec pid 1
time 109
1 1 1 0 
sec.size 3
sec pid 1
time 110
1 1 1 0 
sec.size 3
sec pid 1
time 111
1 1 1 0 
sec.size 3
sec pid 1
time 112
1 1 1 0 
sec.size 3
sec pid 1
time 113
1 1 1 0 
sec.size 3
sec pid 1
time 114
1 1 1 0 
sec.size 3
sec pid 1
time 115
1 1 1 0 
sec.size 3
sec pid 1
time 116
1 1 1 0 
sec.size 3
sec pid 1
time 117
1 1 1 0 
sec.size 3
sec pid 1
time 118
1 1 1 0 
sec.size 3
sec pid 1
time 119
1 1 1 0 
sec.size 3
sec pid 1
time 120
1 1 1 0 
sec.size 3
sec pid 1
time 121
1 1 1 0 
sec.size 3
sec pid 1
time 122
1 1 1 0 
sec.size 3
sec pid 1
time 123
1 1 1 0 
sec.size 3
sec pid 1
time 124
1 1 1 0 
sec.size 3
sec pid 1
time 125
1 1 1 0 
sec.size 3
sec pid 1
time 126
1 1 1 0 
sec.size 3
sec pid 1
time 127
1 1 1 0 
sec.size 3
sec pid 1
time 128
1 1 1 0 
sec.size 3
sec pid 1
time 129
1 1 1 0 
sec.size 3
sec pid 1
time 130
1 1 1 0 
sec.size 3
sec pid 1
time 131
1 1 1 0 
sec.size 3
sec pid 1
time 132
1 1 1 0 
sec.size 3
sec pid 1
time 133
1 1 1 0 
sec.size 3
sec pid 1
time 134
1 1 1 0 
sec.size 3
sec pid 1
time 135
1 1 1 0 
sec.size 3
sec pid 1
time 136
1 1 1 0 
sec.size 3
sec pid 1
time 137
1 1 1 0 
sec.size 3
sec pid 1
time 138
1 1 1 0 
sec.size 3
sec pid 1
time 139
1 1 1 0 
sec.size 3
sec pid 1
time 140
1 1 1 0 
sec.size 3
sec pid 1
time 141
1 1 1 0 
sec.size 3
sec pid 1
time 142
1 1 1 0 
sec.size 3
sec pid 1
time 143
1 1 1 0 
sec.size 3
sec pid 1
time 144
1 1 1 0 
sec.size 3
sec pid 1
time 145
1 1 1 0 
sec.size 3
sec pid 1
time 146
1 1 1 0 
sec.size 3
sec pid 1
time 147
1 1 1 0 
sec.size 3
sec pid 1
time 148
1 1 1 0 
sec.size 3
sec pid 1
time 149
1 1 1 0 
sec.size 3
sec pid 1
time 150
1 1 1 0 
sec.size 3
sec pid 1
time 151
1 1 1 0 
sec.size 3
sec pid 1
time 152
1 1 1 0 
sec.size 3
sec pid 1
time 153
1 1 1 0 
sec.size 3
sec pid 1
time 154
1 1 1 0 
sec.size 3
sec pid 1
time 155
1 1 1 0 
sec.size 3
sec pid 1
time 156
1 1 1 0 
sec.size 3
sec pid 1
time 157
1 1 1 0 
sec.size 3
sec pid 1
time 158
1 1 1 0 
sec.size 3
sec pid 1
time 159
1 1 1 0 
sec.size 3
sec pid 1
time 160
1 1 1 0 
sec.size 3
sec pid 1
time 161
1 1 1 0 
sec.size 3
sec pid 1
time 162
1 1 1 0 
sec.size 3
sec pid 1
time 163
1 1 1 0 
sec.size 3
sec pid 1
time 164
1 1 1 0 
sec.size 3
sec pid 1
time 165
1 1 1 0 
sec.size 3
sec pid 1
time 166
1 1 1 0 
sec.size 3
sec pid 1
time 167
1 1 1 0 
sec.size 3
sec pid 1
time 168
1 1 1 0 
sec.size 3
sec pid 1
time 169
1 1 1 0 
sec.size 3
sec pid 1
time 170
1 1 1 0 
sec.size 3
sec pid 1
time 171
1 1 1 0 
sec.size 3
sec pid 1
time 172
1 1 1 0 
sec.size 3
sec pid 1
time 173
1 1 1 0 
sec.size 3
sec pid 1
time 174
1 1 1 0 
sec.size 3
sec pid 1
time 175
1 1 1 0 
sec.size 3
sec pid 1
time 176
1 1 1 0 
sec.size 3
sec pid 1
time 177
1 1 1 0 
sec.size 3
sec pid 1
time 178
1 1 1 0 
sec.size 3
sec pid 1
time 179
1 1 1 0 
sec.size 3
sec pid 1
time 180
1 1 1 0 
sec.size 3
sec pid 1
time 181
1 1 1 0 
sec.size 3
sec pid 1
time 182
1 1 1 0 
sec.size 3
sec pid 1
time 183
1 1 1 0 
sec.size 3
sec pid 1
time 184
1 1 1 0 
sec.size 3
sec pid 1
time 185
1 1 1 0 
sec.size 3
sec pid 1
time 186
1 1 1 0 
sec.size 3
sec pid 1
time 187
1 1 1 0 
sec.size 3
sec pid 1
time 188
1 1 1 0 
sec.size 3
sec pid 1
time 189
1 1 1 0 
sec.size 3
sec pid 1
time 190
1 1 1 0 
sec.size 3
sec pid 1
time 191
1 1 1 0 
sec.size 3
sec pid 1
time 192
1 1 1 0 
sec.size 3
sec pid 1
time 193
1 1 1 0 
sec.size 3
sec pid 1
time 194
1 1 1 0 
sec.size 3
sec pid 1
time 195
1 1 1 0 
sec.size 3
sec pid 1
time 196
1 1 1 0 
sec.size 3
sec pid 1
time 197
1 1 1 0 
sec.size 3
sec pid 1
time 198
1 1 1 0 
sec.size 3
sec pid 1
time 199
1 1 1 0 
sec.size 3
sec pid 1
time 200
1 1 1 0 
sec.size 3
sec pid 1
time 201
1 1 1 0 
sec.size 3
sec pid 1
time 202
1 1 1 0 
sec.size 3
sec pid 1
time 203
1 1 1 0 
sec.size 3
sec pid 1
time 204
1 1 1 0 
sec.size 3
sec pid 1
time 205
1 1 1 0 
sec.size 3
sec pid 1
time 206
1 1 1 0 
sec.size 3
sec pid 1
time 207
1 1 1 0 
sec.size 3
sec pid 1
time 208
1 1 1 0 
sec.size 3
sec pid 1
time 209
1 1 1 0 
sec.size 3
sec pid 1
time 210
1 1 1 0 
sec.size 3
sec pid 1
time 211
1 1 1 0 
sec.size 3
sec pid 1
time 212
1 1 1 0 
sec.size 3
sec pid 1
time 213
1 1 1 0 
sec.size 3
sec pid 1
time 214
1 1 1 0 
sec.size 3
sec pid 1
time 215
1 1 1 0 
sec.size 3
sec pid 1
time 216
1 1 1 0 
sec.size 3
sec pid 1
time 217
1 1 1 0 
sec.size 3
sec pid 1
time 218
1 1 1 0 
sec.size 3
sec pid 1
time 219
1 1 1 0 
sec.size 3
sec pid 1
time 220
1 1 1 0 
sec.size 3
sec pid 1
time 221
1 1 1 0 
sec.size 3
sec pid 1
time 222
1 1 1 0 
sec.size 3
sec pid 1
time 223
1 1 1 0 
sec.size 3
sec pid 1
time 224
1 1 1 0 
sec.size 3
sec pid 1
time 225
1 1 1 0 
sec.size 3
sec pid 1
time 226
1 1 1 0 
sec.size 3
sec pid 1
time 227
1 1 1 0 
sec.size 3
sec pid 1
time 228
1 1 1 0 
sec.size 3
sec pid 1
time 229
1 1 1 0 
sec.size 3
sec pid 1
time 230
1 1 1 0 
sec.size 3
sec pid 1
time 231
1 1 1 0 
sec.size 3
sec pid 1
time 232
1 1 1 0 
sec.size 3
sec pid 1
time 233
1 1 1 0 
sec.size 3
sec pid 1
time 234
1 1 1 0 
sec.size 3
sec pid 1
time 235
1 1 1 0 
sec.size 3
sec pid 1
time 236
1 1 1 0 
sec.size 3
sec pid 1
time 237
1 1 1 0 
sec.size 3
sec pid 1
time 238
1 1 1 0 
sec.size 3
sec pid 1
time 239
1 1 1 0 
sec.size 3
sec pid 1
time 240
1 1 1 0 
sec.size 3
sec pid 1
time 241
1 1 1 0 
sec.size 3
sec pid 1
time 242
1 1 1 0 
sec.size 3
sec pid 1
time 243
1 1 1 0 
sec.size 3
sec pid 1
time 244
1 1 1 0 
sec.size 3
sec pid 1
time 245
1 1 1 0 
sec.size 3
sec pid 1
time 246
1 1 1 0 
sec.size 3
sec pid 1
time 247
1 1 1 0 
sec.size 3
sec pid 1
time 248
1 1 1 0 
sec.size 3
sec pid 1
time 249
1 1 1 0 
sec.size 3
sec pid 1
time 250
1 1 1 0 
sec.size 3
sec pid 1
time 251
1 1 1 0 
sec.size 3
sec pid 1
time 252
1 1 1 0 
sec.size 3
sec pid 1
time 253
1 1 1 0 
sec.size 3
sec pid 1
time 254
1 1 1 0 
sec.size 3
sec pid 1
time 255
1 1 1 0 
sec.size 3
sec pid 1
time 256
1 1 1 0 
sec.size 3
sec pid 1
time 257
1 1 1 0 
sec.size 3
sec pid 1
time 258
1 1 1 0 
sec.size 3
sec pid 1
time 259
1 1 1 0 
sec.size 3
sec pid 1
time 260
1 1 1 0 
sec.size 3
sec pid 1
time 261
1 1 1 0 
sec.size 3
sec pid 1
time 262
1 1 1 0 
sec.size 3
sec pid 1
time 263
1 1 1 0 
sec.size 3
sec pid 1
time 264
1 1 1 0 
sec.size 3
sec pid 1
time 265
1 1 1 0 
sec.size 3
sec pid 1
time 266
1 1 1 0 
sec.size 3
sec pid 1
time 267
1 1 1 0 
sec.size 3
sec pid 1
time 268
1 1 1 0 
sec.size 3
sec pid 1
time 269
1 1 1 0 
sec.size 3
sec pid 1
time 270
1 1 1 0 
sec.size 3
sec pid 1
time 271
1 1 1 0 
sec.size 3
sec pid 1
time 272
1 1 1 0 
sec.size 3
sec pid 1
time 273
1 1 1 0 
sec.size 3
sec pid 1
time 274
1 1 1 0 
sec.size 3
sec pid 1
time 275
1 1 1 0 
sec.size 3
sec pid 1
time 276
1 1 1 0 
sec.size 3
sec pid 1
time 277
1 1 1 0 
sec.size 3
sec pid 1
time 278
1 1 1 0 
sec.size 3
sec pid 1
time 279
1 1 1 0 
sec.size 3
sec pid 1
time 280
1 1 1 0 
sec.size 3
sec pid 1
time 281
1 1 1 0 
sec.size 3
sec pid 1
time 282
1 1 1 0 
sec.size 3
sec pid 1
time 283
1 1 1 0 
sec.size 3
sec pid 1
time 284
1 1 1 0 
sec.size 3
sec pid 1
time 285
1 1 1 0 
sec.size 3
sec pid 1
time 286
1 1 1 0 
sec.size 3
sec pid 1
time 287
1 1 1 0 
sec.size 3
sec pid 1
time 288
1 1 1 0 
sec.size 3
sec pid 1
time 289
1 1 1 0 
sec.size 3
sec pid 1
time 290
1 1 1 0 
sec.size 3
sec pid 1
time 291
1 1 1 0 
sec.size 3
sec pid 1
time 292
1 1 1 0 
sec.size 3
sec pid 1
time 293
1 1 1 0 
sec.size 3
sec pid 1
time 294
1 1 1 0 
sec.size 3
sec pid 1
time 295
1 1 1 0 
sec.size 3
sec pid 1
time 296
1 1 1 0 
sec.size 3
sec pid 1
time 297
1 1 1 0 
sec.size 3
sec pid 1
time 298
1 1 1 0 
sec.size 3
sec pid 1
time 299
1 1 1 0 
sec.size 3
sec pid 1
time 300
1 1 1 0 
sec.size 3
sec pid 1
time 301
1 1 1 0 
sec.size 3
sec pid 1
time 302
1 1 1 0 
sec.size 3
sec pid 1
time 303
1 1 1 0 
sec.size 3
sec pid 1
time 304
1 1 1 0 
sec.size 3
sec pid 1
time 305
1 1 1 0 
sec.size 3
sec pid 1
time 306
1 1 1 0 
sec.size 3
sec pid 1
time 307
1 1 1 0 
sec.size 3
sec pid 1
time 308
1 1 1 0 
sec.size 3
sec pid 1
time 309
1 1 1 0 
sec.size 3
sec pid 1
time 310
1 1 1 0 
sec.size 3
sec pid 1
time 311
1 1 1 0 
sec.size 3
sec pid 1
time 312
1 1 1 0 
sec.size 3
sec pid 1
time 313
1 1 1 0 
sec.size 3
sec pid 1
time 314
1 1 1 0 
sec.size 3
sec pid 1
time 315
1 1 1 0 
sec.size 3
sec pid 1
time 316
1 1 1 0 
sec.size 3
sec pid 1
time 317
1 1 1 0 
sec.size 3
sec pid 1
time 318
1 1 1 0 
sec.size 3
sec pid 1
time 319
1 1 1 0 
sec.size 3
sec pid 1
time 320
1 1 1 0 
sec.size 3
sec pid 1
time 321
1 1 1 0 
sec.size 3
sec pid 1
time 322
1 1 1 0 
sec.size 3
sec pid 1
time 323
1 1 1 0 
sec.size 3
sec pid 1
time 324
1 1 1 0 
sec.size 3
sec pid 1
time 325
1 1 1 0 
sec.size 3
sec pid 1
time 326
1 1 1 0 
sec.size 3
sec pid 1
time 327
1 1 1 0 
sec.size 3
sec pid 1
time 328
1 1 1 0 
sec.size 3
sec pid 1
time 329
1 1 1 0 
sec.size 3
sec pid 1
time 330
1 1 1 0 
sec.size 3
sec pid 1
time 331
1 1 1 0 
sec.size 3
sec pid 1
time 332
1 1 1 0 
sec.size 3
sec pid 1
time 333
1 1 1 0 
sec.size 3
sec pid 1
time 334
1 1 1 0 
sec.size 3
sec pid 1
time 335
1 1 1 0 
sec.size 3
sec pid 1
time 336
1 1 1 0 
sec.size 3
sec pid 1
time 337
1 1 1 0 
sec.size 3
sec pid 1
time 338
1 1 1 0 
sec.size 3
sec pid 1
time 339
1 1 1 0 
sec.size 3
sec pid 1
time 340
1 1 1 0 
sec.size 3
sec pid 1
time 341
1 1 1 0 
sec.size 3
sec pid 1
time 342
1 1 1 0 
sec.size 3
sec pid 1
time 343
1 1 1 0 
sec.size 3
sec pid 1
time 344
1 1 1 0 
sec.size 3
sec pid 1
time 345
1 1 1 0 
sec.size 3
sec pid 1
time 346
1 1 1 0 
sec.size 3
sec pid 1
time 347
1 1 1 0 
sec.size 3
sec pid 1
time 348
1 1 1 0 
sec.size 3
sec pid 1
time 349
1 1 1 0 
sec.size 3
sec pid 1
time 350
1 1 1 0 
sec.size 3
sec pid 1
time 351
1 1 1 0 
sec.size 3
sec pid 1
time 352
1 1 1 0 
sec.size 3
sec pid 1
time 353
1 1 1 0 
sec.size 3
sec pid 1
time 354
1 1 1 0 
sec.size 3
sec pid 1
time 355
1 1 1 0 
sec.size 3
sec pid 1
time 356
1 1 1 0 
sec.size 3
sec pid 1
time 357
1 1 1 0 
sec.size 3
sec pid 1
time 358
1 1 1 0 
sec.size 3
sec pid 1
time 359
1 1 1 0 
sec.size 3
sec pid 1
time 360
1 1 1 0 
sec.size 3
sec pid 1
time 361
1 1 1 0 
sec.size 3
sec pid 1
time 362
1 1 1 0 
sec.size 3
sec pid 1
time 363
1 1 1 0 
sec.size 3
sec pid 1
time 364
1 1 1 0 
sec.size 3
sec pid 1
time 365
1 1 1 0 
sec.size 3
sec pid 1
time 366
1 1 1 0 
sec.size 3
sec pid 1
time 367
1 1 1 0 
sec.size 3
sec pid 1
time 368
1 1 1 0 
sec.size 3
sec pid 1
time 369
1 1 1 0 
sec.size 3
sec pid 1
time 370
1 1 1 0 
sec.size 3
sec pid 1
time 371
1 1 1 0 
sec.size 3
sec pid 1
time 372
1 1 1 0 
sec.size 3
sec pid 1
time 373
1 1 1 0 
sec.size 3
sec pid 1
time 374
1 1 1 0 
sec.size 3
sec pid 1
time 375
1 1 1 0 
sec.size 3
sec pid 1
time 376
1 1 1 0 
sec.size 3
sec pid 1
time 377
1 1 1 0 
sec.size 3
sec pid 1
time 378
1 1 1 0 
sec.size 3
sec pid 1
time 379
1 1 1 0 
sec.size 3
sec pid 1
time 380
1 1 1 0 
sec.size 3
sec pid 1
time 381
1 1 1 0 
sec.size 3
sec pid 1
time 382
1 1 1 0 
sec.size 3
sec pid 1
time 383
1 1 1 0 
sec.size 3
sec pid 1
time 384
1 1 1 0 
sec.size 3
sec pid 1
time 385
1 1 1 0 
sec.size 3
sec pid 1
time 386
1 1 1 0 
sec.size 3
sec pid 1
time 387
1 1 1 0 
sec.size 3
sec pid 1
time 388
1 1 1 0 
sec.size 3
sec pid 1
time 389
1 1 1 0 
sec.size 3
sec pid 1
time 390
1 1 1 0 
sec.size 3
sec pid 1
time 391
1 1 1 0 
sec.size 3
sec pid 1
time 392
1 1 1 0 
sec.size 3
sec pid 1
time 393
1 1 1 0 
sec.size 3
sec pid 1
time 394
1 1 1 0 
sec.size 3
sec pid 1
time 395
1 1 1 0 
sec.size 3
sec pid 1
time 396
1 1 1 0 
sec.size 3
sec pid 1
time 397
1 1 1 0 
sec.size 3
sec pid 1
time 398
1 1 1 0 
sec.size 3
sec pid 1
time 399
1 1 1 0 
sec.size 3
sec pid 1
time 400
1 1 1 0 
sec.size 3
sec pid 1
time 401
1 1 1 0 
sec.size 3
sec pid 1
time 402
1 1 1 0 
sec.size 3
sec pid 1
time 403
1 1 1 0 
sec.size 3
sec pid 1
time 404
1 1 1 0 
sec.size 3
sec pid 1
time 405
1 1 1 0 
sec.size 3
sec pid 1
time 406
1 1 1 0 
sec.size 3
sec pid 1
time 407
1 1 1 0 
sec.size 3
sec pid 1
time 408
1 1 1 0 
sec.size 3
sec pid 1
time 409
1 1 1 0 
sec.size 3
sec pid 1
time 410
1 1 1 0 
sec.size 3
sec pid 1
time 411
1 1 1 0 
sec.size 3
sec pid 1
time 412
1 1 1 0 
sec.size 3
sec pid 1
time 413
1 1 1 0 
sec.size 3
sec pid 1
time 414
1 1 1 0 
sec.size 3
sec pid 1
time 415
1 1 1 0 
sec.size 3
sec pid 1
time 416
1 1 1 0 
sec.size 3
sec pid 1
time 417
1 1 1 0 
sec.size 3
sec pid 1
time 418
1 1 1 0 
sec.size 3
sec pid 1
time 419
1 1 1 0 
sec.size 3
sec pid 1
time 420
1 1 1 0 
sec.size 3
sec pid 1
time 421
1 1 1 0 
sec.size 3
sec pid 1
time 422
1 1 1 0 
sec.size 3
sec pid 1
time 423
1 1 1 0 
sec.size 3
sec pid 1
time 424
1 1 1 0 
sec.size 3
sec pid 1
time 425
1 1 1 0 
sec.size 3
sec pid 1
time 426
1 1 1 0 
sec.size 3
sec pid 1
time 427
1 1 1 0 
sec.size 3
sec pid 1
time 428
1 1 1 0 
sec.size 3
sec pid 1
time 429
1 1 1 0 
sec.size 3
sec pid 1
time 430
1 1 1 0 
sec.size 3
sec pid 1
time 431
1 1 1 0 
sec.size 3
sec pid 1
time 432
1 1 1 0 
sec.size 3
sec pid 1
time 433
1 1 1 0 
sec.size 3
sec pid 1
time 434
1 1 1 0 
sec.size 3
sec pid 1
time 435
1 1 1 0 
sec.size 3
sec pid 1
time 436
1 1 1 0 
sec.size 3
sec pid 1
time 437
1 1 1 0 
sec.size 3
sec pid 1
time 438
1 1 1 0 
sec.size 3
sec pid 1
time 439
1 1 1 0 
sec.size 3
sec pid 1
time 440
1 1 1 0 
sec.size 3
sec pid 1
time 441
1 1 1 0 
sec.size 3
sec pid 1
time 442
1 1 1 0 
sec.size 3
sec pid 1
time 443
1 1 1 0 
sec.size 3
sec pid 1
time 444
1 1 1 0 
sec.size 3
sec pid 1
time 445
1 1 1 0 
sec.size 3
sec pid 1
time 446
1 1 1 0 
sec.size 3
sec pid 1
time 447
1 1 1 0 
sec.size 3
sec pid 1
time 448
1 1 1 0 
sec.size 3
sec pid 1
time 449
1 1 1 0 
sec.size 3
sec pid 1
time 450
1 1 1 0 
sec.size 3
sec pid 1
time 451
1 1 1 0 
sec.size 3
sec pid 1
time 452
1 1 1 0 
sec.size 3
sec pid 1
time 453
1 1 1 0 
sec.size 3
sec pid 1
time 454
1 1 1 0 
sec.size 3
sec pid 1
time 455
1 1 1 0 
sec.size 3
sec pid 1
time 456
1 1 1 0 
sec.size 3
sec pid 1
time 457
1 1 1 0 
sec.size 3
sec pid 1
time 458
1 1 1 0 
sec.size 3
sec pid 1
time 459
1 1 1 0 
sec.size 3
sec pid 1
time 460
1 1 1 0 
sec.size 3
sec pid 1
time 461
1 1 1 0 
sec.size 3
sec pid 1
time 462
1 1 1 0 
sec.size 3
sec pid 1
time 463
1 1 1 0 
sec.size 3
sec pid 1
time 464
1 1 1 0 
sec.size 3
sec pid 1
time 465
1 1 1 0 
sec.size 3
sec pid 1
time 466
1 1 1 0 
sec.size 3
sec pid 1
time 467
1 1 1 0 
sec.size 3
sec pid 1
time 468
1 1 1 0 
sec.size 3
sec pid 1
time 469
1 1 1 0 
sec.size 3
sec pid 1
time 470
1 1 1 0 
sec.size 3
sec pid 1
time 471
1 1 1 0 
sec.size 3
sec pid 1
time 472
1 1 1 0 
sec.size 3
sec pid 1
time 473
1 1 1 0 
sec.size 3
sec pid 1
time 474
1 1 1 0 
sec.size 3
sec pid 1
time 475
1 1 1 0 
sec.size 3
sec pid 1
time 476
1 1 1 0 
sec.size 3
sec pid 1
time 477
1 1 1 0 
sec.size 3
sec pid 1
time 478
1 1 1 0 
sec.size 3
sec pid 1
time 479
1 1 1 0 
sec.size 3
sec pid 1
time 480
1 1 1 0 
sec.size 3
sec pid 1
time 481
1 1 1 0 
sec.size 3
sec pid 1
time 482
1 1 1 0 
sec.size 3
sec pid 1
time 483
1 1 1 0 
sec.size 3
sec pid 1
time 484
1 1 1 0 
sec.size 3
sec pid 1
time 485
1 1 1 0 
sec.size 3
sec pid 1
time 486
1 1 1 0 
sec.size 3
sec pid 1
time 487
1 1 1 0 
sec.size 3
sec pid 1
time 488
1 1 1 0 
sec.size 3
sec pid 1
time 489
1 1 1 0 
sec.size 3
sec pid 1
time 490
1 1 1 0 
sec.size 3
sec pid 1
time 491
1 1 1 0 
sec.size 3
sec pid 1
time 492
1 1 1 0 
sec.size 3
sec pid 1
time 493
1 1 1 0 
sec.size 3
sec pid 1
time 494
1 1 1 0 
sec.size 3
sec pid 1
time 495
1 1 1 0 
sec.size 3
sec pid 1
time 496
1 1 1 0 
sec.size 3
sec pid 1
time 497
1 1 1 0 
sec.size 3
sec pid 1
time 498
1 1 1 0 
sec.size 3
sec pid 1
time 499
1 1 1 0 
sec.size 3
sec pid 1
time 500
1 1 1 0 
sec.size 3
sec pid 1
========== time : 501
sec from : 0, sec sz : 1000, sec pid : -1, sec etime : 0
==========
time 501
1 1 1 1 
sec.size 2
sec pid 3
=====================================

time 0
1 0 0 0 
sec.size 1
sec pid 0
========== time : 1
sec from : 0, sec sz : 1000, sec pid : -1, sec etime : 0
==========
time 1
1 1 1 0 
sec.size 3
sec pid 1
time 2
1 1 1 0 
sec.size 3
sec pid 1
time 3
1 1 1 0 
sec.size 3
sec pid 1
time 4
1 1 1 0 
sec.size 3
sec pid 1
time 5
1 1 1 0 
sec.size 3
sec pid 1
time 6
1 1 1 0 
sec.size 3
sec pid 1
time 7
1 1 1 0 
sec.size 3
sec pid 1
time 8
1 1 1 0 
sec.size 3
sec pid 1
time 9
1 1 1 0 
sec.size 3
sec pid 1
time 10
1 1 1 0 
sec.size 3
sec pid 1
time 11
1 1 1 0 
sec.size 3
sec pid 1
time 12
1 1 1 0 
sec.size 3
sec pid 1
time 13
1 1 1 0 
sec.size 3
sec pid 1
time 14
1 1 1 0 
sec.size 3
sec pid 1
time 15
1 1 1 0 
sec.size 3
sec pid 1
time 16
1 1 1 0 
sec.size 3
sec pid 1
time 17
1 1 1 0 
sec.size 3
sec pid 1
time 18
1 1 1 0 
sec.size 3
sec pid 1
time 19
1 1 1 0 
sec.size 3
sec pid 1
time 20
1 1 1 0 
sec.size 3
sec pid 1
time 21
1 1 1 0 
sec.size 3
sec pid 1
time 22
1 1 1 0 
sec.size 3
sec pid 1
time 23
1 1 1 0 
sec.size 3
sec pid 1
time 24
1 1 1 0 
sec.size 3
sec pid 1
time 25
1 1 1 0 
sec.size 3
sec pid 1
time 26
1 1 1 0 
sec.size 3
sec pid 1
time 27
1 1 1 0 
sec.size 3
sec pid 1
time 28
1 1 1 0 
sec.size 3
sec pid 1
time 29
1 1 1 0 
sec.size 3
sec pid 1
time 30
1 1 1 0 
sec.size 3
sec pid 1
time 31
1 1 1 0 
sec.size 3
sec pid 1
time 32
1 1 1 0 
sec.size 3
sec pid 1
time 33
1 1 1 0 
sec.size 3
sec pid 1
time 34
1 1 1 0 
sec.size 3
sec pid 1
time 35
1 1 1 0 
sec.size 3
sec pid 1
time 36
1 1 1 0 
sec.size 3
sec pid 1
time 37
1 1 1 0 
sec.size 3
sec pid 1
time 38
1 1 1 0 
sec.size 3
sec pid 1
time 39
1 1 1 0 
sec.size 3
sec pid 1
time 40
1 1 1 0 
sec.size 3
sec pid 1
time 41
1 1 1 0 
sec.size 3
sec pid 1
time 42
1 1 1 0 
sec.size 3
sec pid 1
time 43
1 1 1 0 
sec.size 3
sec pid 1
time 44
1 1 1 0 
sec.size 3
sec pid 1
time 45
1 1 1 0 
sec.size 3
sec pid 1
time 46
1 1 1 0 
sec.size 3
sec pid 1
time 47
1 1 1 0 
sec.size 3
sec pid 1
time 48
1 1 1 0 
sec.size 3
sec pid 1
time 49
1 1 1 0 
sec.size 3
sec pid 1
time 50
1 1 1 0 
sec.size 3
sec pid 1
time 51
1 1 1 0 
sec.size 3
sec pid 1
time 52
1 1 1 0 
sec.size 3
sec pid 1
time 53
1 1 1 0 
sec.size 3
sec pid 1
time 54
1 1 1 0 
sec.size 3
sec pid 1
time 55
1 1 1 0 
sec.size 3
sec pid 1
time 56
1 1 1 0 
sec.size 3
sec pid 1
time 57
1 1 1 0 
sec.size 3
sec pid 1
time 58
1 1 1 0 
sec.size 3
sec pid 1
time 59
1 1 1 0 
sec.size 3
sec pid 1
time 60
1 1 1 0 
sec.size 3
sec pid 1
time 61
1 1 1 0 
sec.size 3
sec pid 1
time 62
1 1 1 0 
sec.size 3
sec pid 1
time 63
1 1 1 0 
sec.size 3
sec pid 1
time 64
1 1 1 0 
sec.size 3
sec pid 1
time 65
1 1 1 0 
sec.size 3
sec pid 1
time 66
1 1 1 0 
sec.size 3
sec pid 1
time 67
1 1 1 0 
sec.size 3
sec pid 1
time 68
1 1 1 0 
sec.size 3
sec pid 1
time 69
1 1 1 0 
sec.size 3
sec pid 1
time 70
1 1 1 0 
sec.size 3
sec pid 1
time 71
1 1 1 0 
sec.size 3
sec pid 1
time 72
1 1 1 0 
sec.size 3
sec pid 1
time 73
1 1 1 0 
sec.size 3
sec pid 1
time 74
1 1 1 0 
sec.size 3
sec pid 1
time 75
1 1 1 0 
sec.size 3
sec pid 1
time 76
1 1 1 0 
sec.size 3
sec pid 1
time 77
1 1 1 0 
sec.size 3
sec pid 1
time 78
1 1 1 0 
sec.size 3
sec pid 1
time 79
1 1 1 0 
sec.size 3
sec pid 1
time 80
1 1 1 0 
sec.size 3
sec pid 1
time 81
1 1 1 0 
sec.size 3
sec pid 1
time 82
1 1 1 0 
sec.size 3
sec pid 1
time 83
1 1 1 0 
sec.size 3
sec pid 1
time 84
1 1 1 0 
sec.size 3
sec pid 1
time 85
1 1 1 0 
sec.size 3
sec pid 1
time 86
1 1 1 0 
sec.size 3
sec pid 1
time 87
1 1 1 0 
sec.size 3
sec pid 1
time 88
1 1 1 0 
sec.size 3
sec pid 1
time 89
1 1 1 0 
sec.size 3
sec pid 1
time 90
1 1 1 0 
sec.size 3
sec pid 1
time 91
1 1 1 0 
sec.size 3
sec pid 1
time 92
1 1 1 0 
sec.size 3
sec pid 1
time 93
1 1 1 0 
sec.size 3
sec pid 1
time 94
1 1 1 0 
sec.size 3
sec pid 1
time 95
1 1 1 0 
sec.size 3
sec pid 1
time 96
1 1 1 0 
sec.size 3
sec pid 1
time 97
1 1 1 0 
sec.size 3
sec pid 1
time 98
1 1 1 0 
sec.size 3
sec pid 1
time 99
1 1 1 0 
sec.size 3
sec pid 1
time 100
1 1 1 0 
sec.size 3
sec pid 1
time 101
1 1 1 0 
sec.size 3
sec pid 1
time 102
1 1 1 0 
sec.size 3
sec pid 1
time 103
1 1 1 0 
sec.size 3
sec pid 1
time 104
1 1 1 0 
sec.size 3
sec pid 1
time 105
1 1 1 0 
sec.size 3
sec pid 1
time 106
1 1 1 0 
sec.size 3
sec pid 1
time 107
1 1 1 0 
sec.size 3
sec pid 1
time 108
1 1 1 0 
sec.size 3
sec pid 1
time 109
1 1 1 0 
sec.size 3
sec pid 1
time 110
1 1 1 0 
sec.size 3
sec pid 1
time 111
1 1 1 0 
sec.size 3
sec pid 1
time 112
1 1 1 0 
sec.size 3
sec pid 1
time 113
1 1 1 0 
sec.size 3
sec pid 1
time 114
1 1 1 0 
sec.size 3
sec pid 1
time 115
1 1 1 0 
sec.size 3
sec pid 1
time 116
1 1 1 0 
sec.size 3
sec pid 1
time 117
1 1 1 0 
sec.size 3
sec pid 1
time 118
1 1 1 0 
sec.size 3
sec pid 1
time 119
1 1 1 0 
sec.size 3
sec pid 1
time 120
1 1 1 0 
sec.size 3
sec pid 1
time 121
1 1 1 0 
sec.size 3
sec pid 1
time 122
1 1 1 0 
sec.size 3
sec pid 1
time 123
1 1 1 0 
sec.size 3
sec pid 1
time 124
1 1 1 0 
sec.size 3
sec pid 1
time 125
1 1 1 0 
sec.size 3
sec pid 1
time 126
1 1 1 0 
sec.size 3
sec pid 1
time 127
1 1 1 0 
sec.size 3
sec pid 1
time 128
1 1 1 0 
sec.size 3
sec pid 1
time 129
1 1 1 0 
sec.size 3
sec pid 1
time 130
1 1 1 0 
sec.size 3
sec pid 1
time 131
1 1 1 0 
sec.size 3
sec pid 1
time 132
1 1 1 0 
sec.size 3
sec pid 1
time 133
1 1 1 0 
sec.size 3
sec pid 1
time 134
1 1 1 0 
sec.size 3
sec pid 1
time 135
1 1 1 0 
sec.size 3
sec pid 1
time 136
1 1 1 0 
sec.size 3
sec pid 1
time 137
1 1 1 0 
sec.size 3
sec pid 1
time 138
1 1 1 0 
sec.size 3
sec pid 1
time 139
1 1 1 0 
sec.size 3
sec pid 1
time 140
1 1 1 0 
sec.size 3
sec pid 1
time 141
1 1 1 0 
sec.size 3
sec pid 1
time 142
1 1 1 0 
sec.size 3
sec pid 1
time 143
1 1 1 0 
sec.size 3
sec pid 1
time 144
1 1 1 0 
sec.size 3
sec pid 1
time 145
1 1 1 0 
sec.size 3
sec pid 1
time 146
1 1 1 0 
sec.size 3
sec pid 1
time 147
1 1 1 0 
sec.size 3
sec pid 1
time 148
1 1 1 0 
sec.size 3
sec pid 1
time 149
1 1 1 0 
sec.size 3
sec pid 1
time 150
1 1 1 0 
sec.size 3
sec pid 1
time 151
1 1 1 0 
sec.size 3
sec pid 1
time 152
1 1 1 0 
sec.size 3
sec pid 1
time 153
1 1 1 0 
sec.size 3
sec pid 1
time 154
1 1 1 0 
sec.size 3
sec pid 1
time 155
1 1 1 0 
sec.size 3
sec pid 1
time 156
1 1 1 0 
sec.size 3
sec pid 1
time 157
1 1 1 0 
sec.size 3
sec pid 1
time 158
1 1 1 0 
sec.size 3
sec pid 1
time 159
1 1 1 0 
sec.size 3
sec pid 1
time 160
1 1 1 0 
sec.size 3
sec pid 1
time 161
1 1 1 0 
sec.size 3
sec pid 1
time 162
1 1 1 0 
sec.size 3
sec pid 1
time 163
1 1 1 0 
sec.size 3
sec pid 1
time 164
1 1 1 0 
sec.size 3
sec pid 1
time 165
1 1 1 0 
sec.size 3
sec pid 1
time 166
1 1 1 0 
sec.size 3
sec pid 1
time 167
1 1 1 0 
sec.size 3
sec pid 1
time 168
1 1 1 0 
sec.size 3
sec pid 1
time 169
1 1 1 0 
sec.size 3
sec pid 1
time 170
1 1 1 0 
sec.size 3
sec pid 1
time 171
1 1 1 0 
sec.size 3
sec pid 1
time 172
1 1 1 0 
sec.size 3
sec pid 1
time 173
1 1 1 0 
sec.size 3
sec pid 1
time 174
1 1 1 0 
sec.size 3
sec pid 1
time 175
1 1 1 0 
sec.size 3
sec pid 1
time 176
1 1 1 0 
sec.size 3
sec pid 1
time 177
1 1 1 0 
sec.size 3
sec pid 1
time 178
1 1 1 0 
sec.size 3
sec pid 1
time 179
1 1 1 0 
sec.size 3
sec pid 1
time 180
1 1 1 0 
sec.size 3
sec pid 1
time 181
1 1 1 0 
sec.size 3
sec pid 1
time 182
1 1 1 0 
sec.size 3
sec pid 1
time 183
1 1 1 0 
sec.size 3
sec pid 1
time 184
1 1 1 0 
sec.size 3
sec pid 1
time 185
1 1 1 0 
sec.size 3
sec pid 1
time 186
1 1 1 0 
sec.size 3
sec pid 1
time 187
1 1 1 0 
sec.size 3
sec pid 1
time 188
1 1 1 0 
sec.size 3
sec pid 1
time 189
1 1 1 0 
sec.size 3
sec pid 1
time 190
1 1 1 0 
sec.size 3
sec pid 1
time 191
1 1 1 0 
sec.size 3
sec pid 1
time 192
1 1 1 0 
sec.size 3
sec pid 1
time 193
1 1 1 0 
sec.size 3
sec pid 1
time 194
1 1 1 0 
sec.size 3
sec pid 1
time 195
1 1 1 0 
sec.size 3
sec pid 1
time 196
1 1 1 0 
sec.size 3
sec pid 1
time 197
1 1 1 0 
sec.size 3
sec pid 1
time 198
1 1 1 0 
sec.size 3
sec pid 1
time 199
1 1 1 0 
sec.size 3
sec pid 1
time 200
1 1 1 0 
sec.size 3
sec pid 1
time 201
1 1 1 0 
sec.size 3
sec pid 1
time 202
1 1 1 0 
sec.size 3
sec pid 1
time 203
1 1 1 0 
sec.size 3
sec pid 1
time 204
1 1 1 0 
sec.size 3
sec pid 1
time 205
1 1 1 0 
sec.size 3
sec pid 1
time 206
1 1 1 0 
sec.size 3
sec pid 1
time 207
1 1 1 0 
sec.size 3
sec pid 1
time 208
1 1 1 0 
sec.size 3
sec pid 1
time 209
1 1 1 0 
sec.size 3
sec pid 1
time 210
1 1 1 0 
sec.size 3
sec pid 1
time 211
1 1 1 0 
sec.size 3
sec pid 1
time 212
1 1 1 0 
sec.size 3
sec pid 1
time 213
1 1 1 0 
sec.size 3
sec pid 1
time 214
1 1 1 0 
sec.size 3
sec pid 1
time 215
1 1 1 0 
sec.size 3
sec pid 1
time 216
1 1 1 0 
sec.size 3
sec pid 1
time 217
1 1 1 0 
sec.size 3
sec pid 1
time 218
1 1 1 0 
sec.size 3
sec pid 1
time 219
1 1 1 0 
sec.size 3
sec pid 1
time 220
1 1 1 0 
sec.size 3
sec pid 1
time 221
1 1 1 0 
sec.size 3
sec pid 1
time 222
1 1 1 0 
sec.size 3
sec pid 1
time 223
1 1 1 0 
sec.size 3
sec pid 1
time 224
1 1 1 0 
sec.size 3
sec pid 1
time 225
1 1 1 0 
sec.size 3
sec pid 1
time 226
1 1 1 0 
sec.size 3
sec pid 1
time 227
1 1 1 0 
sec.size 3
sec pid 1
time 228
1 1 1 0 
sec.size 3
sec pid 1
time 229
1 1 1 0 
sec.size 3
sec pid 1
time 230
1 1 1 0 
sec.size 3
sec pid 1
time 231
1 1 1 0 
sec.size 3
sec pid 1
time 232
1 1 1 0 
sec.size 3
sec pid 1
time 233
1 1 1 0 
sec.size 3
sec pid 1
time 234
1 1 1 0 
sec.size 3
sec pid 1
time 235
1 1 1 0 
sec.size 3
sec pid 1
time 236
1 1 1 0 
sec.size 3
sec pid 1
time 237
1 1 1 0 
sec.size 3
sec pid 1
time 238
1 1 1 0 
sec.size 3
sec pid 1
time 239
1 1 1 0 
sec.size 3
sec pid 1
time 240
1 1 1 0 
sec.size 3
sec pid 1
time 241
1 1 1 0 
sec.size 3
sec pid 1
time 242
1 1 1 0 
sec.size 3
sec pid 1
time 243
1 1 1 0 
sec.size 3
sec pid 1
time 244
1 1 1 0 
sec.size 3
sec pid 1
time 245
1 1 1 0 
sec.size 3
sec pid 1
time 246
1 1 1 0 
sec.size 3
sec pid 1
time 247
1 1 1 0 
sec.size 3
sec pid 1
time 248
1 1 1 0 
sec.size 3
sec pid 1
time 249
1 1 1 0 
sec.size 3
sec pid 1
time 250
1 1 1 0 
sec.size 3
sec pid 1
time 251
1 1 1 0 
sec.size 3
sec pid 1
time 252
1 1 1 0 
sec.size 3
sec pid 1
time 253
1 1 1 0 
sec.size 3
sec pid 1
time 254
1 1 1 0 
sec.size 3
sec pid 1
time 255
1 1 1 0 
sec.size 3
sec pid 1
time 256
1 1 1 0 
sec.size 3
sec pid 1
time 257
1 1 1 0 
sec.size 3
sec pid 1
time 258
1 1 1 0 
sec.size 3
sec pid 1
time 259
1 1 1 0 
sec.size 3
sec pid 1
time 260
1 1 1 0 
sec.size 3
sec pid 1
time 261
1 1 1 0 
sec.size 3
sec pid 1
time 262
1 1 1 0 
sec.size 3
sec pid 1
time 263
1 1 1 0 
sec.size 3
sec pid 1
time 264
1 1 1 0 
sec.size 3
sec pid 1
time 265
1 1 1 0 
sec.size 3
sec pid 1
time 266
1 1 1 0 
sec.size 3
sec pid 1
time 267
1 1 1 0 
sec.size 3
sec pid 1
time 268
1 1 1 0 
sec.size 3
sec pid 1
time 269
1 1 1 0 
sec.size 3
sec pid 1
time 270
1 1 1 0 
sec.size 3
sec pid 1
time 271
1 1 1 0 
sec.size 3
sec pid 1
time 272
1 1 1 0 
sec.size 3
sec pid 1
time 273
1 1 1 0 
sec.size 3
sec pid 1
time 274
1 1 1 0 
sec.size 3
sec pid 1
time 275
1 1 1 0 
sec.size 3
sec pid 1
time 276
1 1 1 0 
sec.size 3
sec pid 1
time 277
1 1 1 0 
sec.size 3
sec pid 1
time 278
1 1 1 0 
sec.size 3
sec pid 1
time 279
1 1 1 0 
sec.size 3
sec pid 1
time 280
1 1 1 0 
sec.size 3
sec pid 1
time 281
1 1 1 0 
sec.size 3
sec pid 1
time 282
1 1 1 0 
sec.size 3
sec pid 1
time 283
1 1 1 0 
sec.size 3
sec pid 1
time 284
1 1 1 0 
sec.size 3
sec pid 1
time 285
1 1 1 0 
sec.size 3
sec pid 1
time 286
1 1 1 0 
sec.size 3
sec pid 1
time 287
1 1 1 0 
sec.size 3
sec pid 1
time 288
1 1 1 0 
sec.size 3
sec pid 1
time 289
1 1 1 0 
sec.size 3
sec pid 1
time 290
1 1 1 0 
sec.size 3
sec pid 1
time 291
1 1 1 0 
sec.size 3
sec pid 1
time 292
1 1 1 0 
sec.size 3
sec pid 1
time 293
1 1 1 0 
sec.size 3
sec pid 1
time 294
1 1 1 0 
sec.size 3
sec pid 1
time 295
1 1 1 0 
sec.size 3
sec pid 1
time 296
1 1 1 0 
sec.size 3
sec pid 1
time 297
1 1 1 0 
sec.size 3
sec pid 1
time 298
1 1 1 0 
sec.size 3
sec pid 1
time 299
1 1 1 0 
sec.size 3
sec pid 1
time 300
1 1 1 0 
sec.size 3
sec pid 1
time 301
1 1 1 0 
sec.size 3
sec pid 1
time 302
1 1 1 0 
sec.size 3
sec pid 1
time 303
1 1 1 0 
sec.size 3
sec pid 1
time 304
1 1 1 0 
sec.size 3
sec pid 1
time 305
1 1 1 0 
sec.size 3
sec pid 1
time 306
1 1 1 0 
sec.size 3
sec pid 1
time 307
1 1 1 0 
sec.size 3
sec pid 1
time 308
1 1 1 0 
sec.size 3
sec pid 1
time 309
1 1 1 0 
sec.size 3
sec pid 1
time 310
1 1 1 0 
sec.size 3
sec pid 1
time 311
1 1 1 0 
sec.size 3
sec pid 1
time 312
1 1 1 0 
sec.size 3
sec pid 1
time 313
1 1 1 0 
sec.size 3
sec pid 1
time 314
1 1 1 0 
sec.size 3
sec pid 1
time 315
1 1 1 0 
sec.size 3
sec pid 1
time 316
1 1 1 0 
sec.size 3
sec pid 1
time 317
1 1 1 0 
sec.size 3
sec pid 1
time 318
1 1 1 0 
sec.size 3
sec pid 1
time 319
1 1 1 0 
sec.size 3
sec pid 1
time 320
1 1 1 0 
sec.size 3
sec pid 1
time 321
1 1 1 0 
sec.size 3
sec pid 1
time 322
1 1 1 0 
sec.size 3
sec pid 1
time 323
1 1 1 0 
sec.size 3
sec pid 1
time 324
1 1 1 0 
sec.size 3
sec pid 1
time 325
1 1 1 0 
sec.size 3
sec pid 1
time 326
1 1 1 0 
sec.size 3
sec pid 1
time 327
1 1 1 0 
sec.size 3
sec pid 1
time 328
1 1 1 0 
sec.size 3
sec pid 1
time 329
1 1 1 0 
sec.size 3
sec pid 1
time 330
1 1 1 0 
sec.size 3
sec pid 1
time 331
1 1 1 0 
sec.size 3
sec pid 1
time 332
1 1 1 0 
sec.size 3
sec pid 1
time 333
1 1 1 0 
sec.size 3
sec pid 1
time 334
1 1 1 0 
sec.size 3
sec pid 1
time 335
1 1 1 0 
sec.size 3
sec pid 1
time 336
1 1 1 0 
sec.size 3
sec pid 1
time 337
1 1 1 0 
sec.size 3
sec pid 1
time 338
1 1 1 0 
sec.size 3
sec pid 1
time 339
1 1 1 0 
sec.size 3
sec pid 1
time 340
1 1 1 0 
sec.size 3
sec pid 1
time 341
1 1 1 0 
sec.size 3
sec pid 1
time 342
1 1 1 0 
sec.size 3
sec pid 1
time 343
1 1 1 0 
sec.size 3
sec pid 1
time 344
1 1 1 0 
sec.size 3
sec pid 1
time 345
1 1 1 0 
sec.size 3
sec pid 1
time 346
1 1 1 0 
sec.size 3
sec pid 1
time 347
1 1 1 0 
sec.size 3
sec pid 1
time 348
1 1 1 0 
sec.size 3
sec pid 1
time 349
1 1 1 0 
sec.size 3
sec pid 1
time 350
1 1 1 0 
sec.size 3
sec pid 1
time 351
1 1 1 0 
sec.size 3
sec pid 1
time 352
1 1 1 0 
sec.size 3
sec pid 1
time 353
1 1 1 0 
sec.size 3
sec pid 1
time 354
1 1 1 0 
sec.size 3
sec pid 1
time 355
1 1 1 0 
sec.size 3
sec pid 1
time 356
1 1 1 0 
sec.size 3
sec pid 1
time 357
1 1 1 0 
sec.size 3
sec pid 1
time 358
1 1 1 0 
sec.size 3
sec pid 1
time 359
1 1 1 0 
sec.size 3
sec pid 1
time 360
1 1 1 0 
sec.size 3
sec pid 1
time 361
1 1 1 0 
sec.size 3
sec pid 1
time 362
1 1 1 0 
sec.size 3
sec pid 1
time 363
1 1 1 0 
sec.size 3
sec pid 1
time 364
1 1 1 0 
sec.size 3
sec pid 1
time 365
1 1 1 0 
sec.size 3
sec pid 1
time 366
1 1 1 0 
sec.size 3
sec pid 1
time 367
1 1 1 0 
sec.size 3
sec pid 1
time 368
1 1 1 0 
sec.size 3
sec pid 1
time 369
1 1 1 0 
sec.size 3
sec pid 1
time 370
1 1 1 0 
sec.size 3
sec pid 1
time 371
1 1 1 0 
sec.size 3
sec pid 1
time 372
1 1 1 0 
sec.size 3
sec pid 1
time 373
1 1 1 0 
sec.size 3
sec pid 1
time 374
1 1 1 0 
sec.size 3
sec pid 1
time 375
1 1 1 0 
sec.size 3
sec pid 1
time 376
1 1 1 0 
sec.size 3
sec pid 1
time 377
1 1 1 0 
sec.size 3
sec pid 1
time 378
1 1 1 0 
sec.size 3
sec pid 1
time 379
1 1 1 0 
sec.size 3
sec pid 1
time 380
1 1 1 0 
sec.size 3
sec pid 1
time 381
1 1 1 0 
sec.size 3
sec pid 1
time 382
1 1 1 0 
sec.size 3
sec pid 1
time 383
1 1 1 0 
sec.size 3
sec pid 1
time 384
1 1 1 0 
sec.size 3
sec pid 1
time 385
1 1 1 0 
sec.size 3
sec pid 1
time 386
1 1 1 0 
sec.size 3
sec pid 1
time 387
1 1 1 0 
sec.size 3
sec pid 1
time 388
1 1 1 0 
sec.size 3
sec pid 1
time 389
1 1 1 0 
sec.size 3
sec pid 1
time 390
1 1 1 0 
sec.size 3
sec pid 1
time 391
1 1 1 0 
sec.size 3
sec pid 1
time 392
1 1 1 0 
sec.size 3
sec pid 1
time 393
1 1 1 0 
sec.size 3
sec pid 1
time 394
1 1 1 0 
sec.size 3
sec pid 1
time 395
1 1 1 0 
sec.size 3
sec pid 1
time 396
1 1 1 0 
sec.size 3
sec pid 1
time 397
1 1 1 0 
sec.size 3
sec pid 1
time 398
1 1 1 0 
sec.size 3
sec pid 1
time 399
1 1 1 0 
sec.size 3
sec pid 1
time 400
1 1 1 0 
sec.size 3
sec pid 1
time 401
1 1 1 0 
sec.size 3
sec pid 1
time 402
1 1 1 0 
sec.size 3
sec pid 1
time 403
1 1 1 0 
sec.size 3
sec pid 1
time 404
1 1 1 0 
sec.size 3
sec pid 1
time 405
1 1 1 0 
sec.size 3
sec pid 1
time 406
1 1 1 0 
sec.size 3
sec pid 1
time 407
1 1 1 0 
sec.size 3
sec pid 1
time 408
1 1 1 0 
sec.size 3
sec pid 1
time 409
1 1 1 0 
sec.size 3
sec pid 1
time 410
1 1 1 0 
sec.size 3
sec pid 1
time 411
1 1 1 0 
sec.size 3
sec pid 1
time 412
1 1 1 0 
sec.size 3
sec pid 1
time 413
1 1 1 0 
sec.size 3
sec pid 1
time 414
1 1 1 0 
sec.size 3
sec pid 1
time 415
1 1 1 0 
sec.size 3
sec pid 1
time 416
1 1 1 0 
sec.size 3
sec pid 1
time 417
1 1 1 0 
sec.size 3
sec pid 1
time 418
1 1 1 0 
sec.size 3
sec pid 1
time 419
1 1 1 0 
sec.size 3
sec pid 1
time 420
1 1 1 0 
sec.size 3
sec pid 1
time 421
1 1 1 0 
sec.size 3
sec pid 1
time 422
1 1 1 0 
sec.size 3
sec pid 1
time 423
1 1 1 0 
sec.size 3
sec pid 1
time 424
1 1 1 0 
sec.size 3
sec pid 1
time 425
1 1 1 0 
sec.size 3
sec pid 1
time 426
1 1 1 0 
sec.size 3
sec pid 1
time 427
1 1 1 0 
sec.size 3
sec pid 1
time 428
1 1 1 0 
sec.size 3
sec pid 1
time 429
1 1 1 0 
sec.size 3
sec pid 1
time 430
1 1 1 0 
sec.size 3
sec pid 1
time 431
1 1 1 0 
sec.size 3
sec pid 1
time 432
1 1 1 0 
sec.size 3
sec pid 1
time 433
1 1 1 0 
sec.size 3
sec pid 1
time 434
1 1 1 0 
sec.size 3
sec pid 1
time 435
1 1 1 0 
sec.size 3
sec pid 1
time 436
1 1 1 0 
sec.size 3
sec pid 1
time 437
1 1 1 0 
sec.size 3
sec pid 1
time 438
1 1 1 0 
sec.size 3
sec pid 1
time 439
1 1 1 0 
sec.size 3
sec pid 1
time 440
1 1 1 0 
sec.size 3
sec pid 1
time 441
1 1 1 0 
sec.size 3
sec pid 1
time 442
1 1 1 0 
sec.size 3
sec pid 1
time 443
1 1 1 0 
sec.size 3
sec pid 1
time 444
1 1 1 0 
sec.size 3
sec pid 1
time 445
1 1 1 0 
sec.size 3
sec pid 1
time 446
1 1 1 0 
sec.size 3
sec pid 1
time 447
1 1 1 0 
sec.size 3
sec pid 1
time 448
1 1 1 0 
sec.size 3
sec pid 1
time 449
1 1 1 0 
sec.size 3
sec pid 1
time 450
1 1 1 0 
sec.size 3
sec pid 1
time 451
1 1 1 0 
sec.size 3
sec pid 1
time 452
1 1 1 0 
sec.size 3
sec pid 1
time 453
1 1 1 0 
sec.size 3
sec pid 1
time 454
1 1 1 0 
sec.size 3
sec pid 1
time 455
1 1 1 0 
sec.size 3
sec pid 1
time 456
1 1 1 0 
sec.size 3
sec pid 1
time 457
1 1 1 0 
sec.size 3
sec pid 1
time 458
1 1 1 0 
sec.size 3
sec pid 1
time 459
1 1 1 0 
sec.size 3
sec pid 1
time 460
1 1 1 0 
sec.size 3
sec pid 1
time 461
1 1 1 0 
sec.size 3
sec pid 1
time 462
1 1 1 0 
sec.size 3
sec pid 1
time 463
1 1 1 0 
sec.size 3
sec pid 1
time 464
1 1 1 0 
sec.size 3
sec pid 1
time 465
1 1 1 0 
sec.size 3
sec pid 1
time 466
1 1 1 0 
sec.size 3
sec pid 1
time 467
1 1 1 0 
sec.size 3
sec pid 1
time 468
1 1 1 0 
sec.size 3
sec pid 1
time 469
1 1 1 0 
sec.size 3
sec pid 1
time 470
1 1 1 0 
sec.size 3
sec pid 1
time 471
1 1 1 0 
sec.size 3
sec pid 1
time 472
1 1 1 0 
sec.size 3
sec pid 1
time 473
1 1 1 0 
sec.size 3
sec pid 1
time 474
1 1 1 0 
sec.size 3
sec pid 1
time 475
1 1 1 0 
sec.size 3
sec pid 1
time 476
1 1 1 0 
sec.size 3
sec pid 1
time 477
1 1 1 0 
sec.size 3
sec pid 1
time 478
1 1 1 0 
sec.size 3
sec pid 1
time 479
1 1 1 0 
sec.size 3
sec pid 1
time 480
1 1 1 0 
sec.size 3
sec pid 1
time 481
1 1 1 0 
sec.size 3
sec pid 1
time 482
1 1 1 0 
sec.size 3
sec pid 1
time 483
1 1 1 0 
sec.size 3
sec pid 1
time 484
1 1 1 0 
sec.size 3
sec pid 1
time 485
1 1 1 0 
sec.size 3
sec pid 1
time 486
1 1 1 0 
sec.size 3
sec pid 1
time 487
1 1 1 0 
sec.size 3
sec pid 1
time 488
1 1 1 0 
sec.size 3
sec pid 1
time 489
1 1 1 0 
sec.size 3
sec pid 1
time 490
1 1 1 0 
sec.size 3
sec pid 1
time 491
1 1 1 0 
sec.size 3
sec pid 1
time 492
1 1 1 0 
sec.size 3
sec pid 1
time 493
1 1 1 0 
sec.size 3
sec pid 1
time 494
1 1 1 0 
sec.size 3
sec pid 1
time 495
1 1 1 0 
sec.size 3
sec pid 1
time 496
1 1 1 0 
sec.size 3
sec pid 1
time 497
1 1 1 0 
sec.size 3
sec pid 1
time 498
1 1 1 0 
sec.size 3
sec pid 1
time 499
1 1 1 0 
sec.size 3
sec pid 1
time 500
1 1 1 0 
sec.size 3
sec pid 1
========== time : 501
sec from : 0, sec sz : 1000, sec pid : -1, sec etime : 0
==========
time 501
1 1 1 1 
sec.size 2
sec pid 3
=====================================

time 0
1 0 0 0 
sec.size 1
sec pid 0
========== time : 1
sec from : 0, sec sz : 1000, sec pid : -1, sec etime : 0
==========
time 1
1 1 1 0 
sec.size 3
sec pid 1
time 2
1 1 1 0 
sec.size 3
sec pid 1
time 3
1 1 1 0 
sec.size 3
sec pid 1
time 4
1 1 1 0 
sec.size 3
sec pid 1
time 5
1 1 1 0 
sec.size 3
sec pid 1
time 6
1 1 1 0 
sec.size 3
sec pid 1
time 7
1 1 1 0 
sec.size 3
sec pid 1
time 8
1 1 1 0 
sec.size 3
sec pid 1
time 9
1 1 1 0 
sec.size 3
sec pid 1
time 10
1 1 1 0 
sec.size 3
sec pid 1
time 11
1 1 1 0 
sec.size 3
sec pid 1
time 12
1 1 1 0 
sec.size 3
sec pid 1
time 13
1 1 1 0 
sec.size 3
sec pid 1
time 14
1 1 1 0 
sec.size 3
sec pid 1
time 15
1 1 1 0 
sec.size 3
sec pid 1
time 16
1 1 1 0 
sec.size 3
sec pid 1
time 17
1 1 1 0 
sec.size 3
sec pid 1
time 18
1 1 1 0 
sec.size 3
sec pid 1
time 19
1 1 1 0 
sec.size 3
sec pid 1
time 20
1 1 1 0 
sec.size 3
sec pid 1
time 21
1 1 1 0 
sec.size 3
sec pid 1
time 22
1 1 1 0 
sec.size 3
sec pid 1
time 23
1 1 1 0 
sec.size 3
sec pid 1
time 24
1 1 1 0 
sec.size 3
sec pid 1
time 25
1 1 1 0 
sec.size 3
sec pid 1
time 26
1 1 1 0 
sec.size 3
sec pid 1
time 27
1 1 1 0 
sec.size 3
sec pid 1
time 28
1 1 1 0 
sec.size 3
sec pid 1
time 29
1 1 1 0 
sec.size 3
sec pid 1
time 30
1 1 1 0 
sec.size 3
sec pid 1
time 31
1 1 1 0 
sec.size 3
sec pid 1
time 32
1 1 1 0 
sec.size 3
sec pid 1
time 33
1 1 1 0 
sec.size 3
sec pid 1
time 34
1 1 1 0 
sec.size 3
sec pid 1
time 35
1 1 1 0 
sec.size 3
sec pid 1
time 36
1 1 1 0 
sec.size 3
sec pid 1
time 37
1 1 1 0 
sec.size 3
sec pid 1
time 38
1 1 1 0 
sec.size 3
sec pid 1
time 39
1 1 1 0 
sec.size 3
sec pid 1
time 40
1 1 1 0 
sec.size 3
sec pid 1
time 41
1 1 1 0 
sec.size 3
sec pid 1
time 42
1 1 1 0 
sec.size 3
sec pid 1
time 43
1 1 1 0 
sec.size 3
sec pid 1
time 44
1 1 1 0 
sec.size 3
sec pid 1
time 45
1 1 1 0 
sec.size 3
sec pid 1
time 46
1 1 1 0 
sec.size 3
sec pid 1
time 47
1 1 1 0 
sec.size 3
sec pid 1
time 48
1 1 1 0 
sec.size 3
sec pid 1
time 49
1 1 1 0 
sec.size 3
sec pid 1
time 50
1 1 1 0 
sec.size 3
sec pid 1
time 51
1 1 1 0 
sec.size 3
sec pid 1
time 52
1 1 1 0 
sec.size 3
sec pid 1
time 53
1 1 1 0 
sec.size 3
sec pid 1
time 54
1 1 1 0 
sec.size 3
sec pid 1
time 55
1 1 1 0 
sec.size 3
sec pid 1
time 56
1 1 1 0 
sec.size 3
sec pid 1
time 57
1 1 1 0 
sec.size 3
sec pid 1
time 58
1 1 1 0 
sec.size 3
sec pid 1
time 59
1 1 1 0 
sec.size 3
sec pid 1
time 60
1 1 1 0 
sec.size 3
sec pid 1
time 61
1 1 1 0 
sec.size 3
sec pid 1
time 62
1 1 1 0 
sec.size 3
sec pid 1
time 63
1 1 1 0 
sec.size 3
sec pid 1
time 64
1 1 1 0 
sec.size 3
sec pid 1
time 65
1 1 1 0 
sec.size 3
sec pid 1
time 66
1 1 1 0 
sec.size 3
sec pid 1
time 67
1 1 1 0 
sec.size 3
sec pid 1
time 68
1 1 1 0 
sec.size 3
sec pid 1
time 69
1 1 1 0 
sec.size 3
sec pid 1
time 70
1 1 1 0 
sec.size 3
sec pid 1
time 71
1 1 1 0 
sec.size 3
sec pid 1
time 72
1 1 1 0 
sec.size 3
sec pid 1
time 73
1 1 1 0 
sec.size 3
sec pid 1
time 74
1 1 1 0 
sec.size 3
sec pid 1
time 75
1 1 1 0 
sec.size 3
sec pid 1
time 76
1 1 1 0 
sec.size 3
sec pid 1
time 77
1 1 1 0 
sec.size 3
sec pid 1
time 78
1 1 1 0 
sec.size 3
sec pid 1
time 79
1 1 1 0 
sec.size 3
sec pid 1
time 80
1 1 1 0 
sec.size 3
sec pid 1
time 81
1 1 1 0 
sec.size 3
sec pid 1
time 82
1 1 1 0 
sec.size 3
sec pid 1
time 83
1 1 1 0 
sec.size 3
sec pid 1
time 84
1 1 1 0 
sec.size 3
sec pid 1
time 85
1 1 1 0 
sec.size 3
sec pid 1
time 86
1 1 1 0 
sec.size 3
sec pid 1
time 87
1 1 1 0 
sec.size 3
sec pid 1
time 88
1 1 1 0 
sec.size 3
sec pid 1
time 89
1 1 1 0 
sec.size 3
sec pid 1
time 90
1 1 1 0 
sec.size 3
sec pid 1
time 91
1 1 1 0 
sec.size 3
sec pid 1
time 92
1 1 1 0 
sec.size 3
sec pid 1
time 93
1 1 1 0 
sec.size 3
sec pid 1
time 94
1 1 1 0 
sec.size 3
sec pid 1
time 95
1 1 1 0 
sec.size 3
sec pid 1
time 96
1 1 1 0 
sec.size 3
sec pid 1
time 97
1 1 1 0 
sec.size 3
sec pid 1
time 98
1 1 1 0 
sec.size 3
sec pid 1
time 99
1 1 1 0 
sec.size 3
sec pid 1
time 100
1 1 1 0 
sec.size 3
sec pid 1
time 101
1 1 1 0 
sec.size 3
sec pid 1
time 102
1 1 1 0 
sec.size 3
sec pid 1
time 103
1 1 1 0 
sec.size 3
sec pid 1
time 104
1 1 1 0 
sec.size 3
sec pid 1
time 105
1 1 1 0 
sec.size 3
sec pid 1
time 106
1 1 1 0 
sec.size 3
sec pid 1
time 107
1 1 1 0 
sec.size 3
sec pid 1
time 108
1 1 1 0 
sec.size 3
sec pid 1
time 109
1 1 1 0 
sec.size 3
sec pid 1
time 110
1 1 1 0 
sec.size 3
sec pid 1
time 111
1 1 1 0 
sec.size 3
sec pid 1
time 112
1 1 1 0 
sec.size 3
sec pid 1
time 113
1 1 1 0 
sec.size 3
sec pid 1
time 114
1 1 1 0 
sec.size 3
sec pid 1
time 115
1 1 1 0 
sec.size 3
sec pid 1
time 116
1 1 1 0 
sec.size 3
sec pid 1
time 117
1 1 1 0 
sec.size 3
sec pid 1
time 118
1 1 1 0 
sec.size 3
sec pid 1
time 119
1 1 1 0 
sec.size 3
sec pid 1
time 120
1 1 1 0 
sec.size 3
sec pid 1
time 121
1 1 1 0 
sec.size 3
sec pid 1
time 122
1 1 1 0 
sec.size 3
sec pid 1
time 123
1 1 1 0 
sec.size 3
sec pid 1
time 124
1 1 1 0 
sec.size 3
sec pid 1
time 125
1 1 1 0 
sec.size 3
sec pid 1
time 126
1 1 1 0 
sec.size 3
sec pid 1
time 127
1 1 1 0 
sec.size 3
sec pid 1
time 128
1 1 1 0 
sec.size 3
sec pid 1
time 129
1 1 1 0 
sec.size 3
sec pid 1
time 130
1 1 1 0 
sec.size 3
sec pid 1
time 131
1 1 1 0 
sec.size 3
sec pid 1
time 132
1 1 1 0 
sec.size 3
sec pid 1
time 133
1 1 1 0 
sec.size 3
sec pid 1
time 134
1 1 1 0 
sec.size 3
sec pid 1
time 135
1 1 1 0 
sec.size 3
sec pid 1
time 136
1 1 1 0 
sec.size 3
sec pid 1
time 137
1 1 1 0 
sec.size 3
sec pid 1
time 138
1 1 1 0 
sec.size 3
sec pid 1
time 139
1 1 1 0 
sec.size 3
sec pid 1
time 140
1 1 1 0 
sec.size 3
sec pid 1
time 141
1 1 1 0 
sec.size 3
sec pid 1
time 142
1 1 1 0 
sec.size 3
sec pid 1
time 143
1 1 1 0 
sec.size 3
sec pid 1
time 144
1 1 1 0 
sec.size 3
sec pid 1
time 145
1 1 1 0 
sec.size 3
sec pid 1
time 146
1 1 1 0 
sec.size 3
sec pid 1
time 147
1 1 1 0 
sec.size 3
sec pid 1
time 148
1 1 1 0 
sec.size 3
sec pid 1
time 149
1 1 1 0 
sec.size 3
sec pid 1
time 150
1 1 1 0 
sec.size 3
sec pid 1
time 151
1 1 1 0 
sec.size 3
sec pid 1
time 152
1 1 1 0 
sec.size 3
sec pid 1
time 153
1 1 1 0 
sec.size 3
sec pid 1
time 154
1 1 1 0 
sec.size 3
sec pid 1
time 155
1 1 1 0 
sec.size 3
sec pid 1
time 156
1 1 1 0 
sec.size 3
sec pid 1
time 157
1 1 1 0 
sec.size 3
sec pid 1
time 158
1 1 1 0 
sec.size 3
sec pid 1
time 159
1 1 1 0 
sec.size 3
sec pid 1
time 160
1 1 1 0 
sec.size 3
sec pid 1
time 161
1 1 1 0 
sec.size 3
sec pid 1
time 162
1 1 1 0 
sec.size 3
sec pid 1
time 163
1 1 1 0 
sec.size 3
sec pid 1
time 164
1 1 1 0 
sec.size 3
sec pid 1
time 165
1 1 1 0 
sec.size 3
sec pid 1
time 166
1 1 1 0 
sec.size 3
sec pid 1
time 167
1 1 1 0 
sec.size 3
sec pid 1
time 168
1 1 1 0 
sec.size 3
sec pid 1
time 169
1 1 1 0 
sec.size 3
sec pid 1
time 170
1 1 1 0 
sec.size 3
sec pid 1
time 171
1 1 1 0 
sec.size 3
sec pid 1
time 172
1 1 1 0 
sec.size 3
sec pid 1
time 173
1 1 1 0 
sec.size 3
sec pid 1
time 174
1 1 1 0 
sec.size 3
sec pid 1
time 175
1 1 1 0 
sec.size 3
sec pid 1
time 176
1 1 1 0 
sec.size 3
sec pid 1
time 177
1 1 1 0 
sec.size 3
sec pid 1
time 178
1 1 1 0 
sec.size 3
sec pid 1
time 179
1 1 1 0 
sec.size 3
sec pid 1
time 180
1 1 1 0 
sec.size 3
sec pid 1
time 181
1 1 1 0 
sec.size 3
sec pid 1
time 182
1 1 1 0 
sec.size 3
sec pid 1
time 183
1 1 1 0 
sec.size 3
sec pid 1
time 184
1 1 1 0 
sec.size 3
sec pid 1
time 185
1 1 1 0 
sec.size 3
sec pid 1
time 186
1 1 1 0 
sec.size 3
sec pid 1
time 187
1 1 1 0 
sec.size 3
sec pid 1
time 188
1 1 1 0 
sec.size 3
sec pid 1
time 189
1 1 1 0 
sec.size 3
sec pid 1
time 190
1 1 1 0 
sec.size 3
sec pid 1
time 191
1 1 1 0 
sec.size 3
sec pid 1
time 192
1 1 1 0 
sec.size 3
sec pid 1
time 193
1 1 1 0 
sec.size 3
sec pid 1
time 194
1 1 1 0 
sec.size 3
sec pid 1
time 195
1 1 1 0 
sec.size 3
sec pid 1
time 196
1 1 1 0 
sec.size 3
sec pid 1
time 197
1 1 1 0 
sec.size 3
sec pid 1
time 198
1 1 1 0 
sec.size 3
sec pid 1
time 199
1 1 1 0 
sec.size 3
sec pid 1
time 200
1 1 1 0 
sec.size 3
sec pid 1
time 201
1 1 1 0 
sec.size 3
sec pid 1
time 202
1 1 1 0 
sec.size 3
sec pid 1
time 203
1 1 1 0 
sec.size 3
sec pid 1
time 204
1 1 1 0 
sec.size 3
sec pid 1
time 205
1 1 1 0 
sec.size 3
sec pid 1
time 206
1 1 1 0 
sec.size 3
sec pid 1
time 207
1 1 1 0 
sec.size 3
sec pid 1
time 208
1 1 1 0 
sec.size 3
sec pid 1
time 209
1 1 1 0 
sec.size 3
sec pid 1
time 210
1 1 1 0 
sec.size 3
sec pid 1
time 211
1 1 1 0 
sec.size 3
sec pid 1
time 212
1 1 1 0 
sec.size 3
sec pid 1
time 213
1 1 1 0 
sec.size 3
sec pid 1
time 214
1 1 1 0 
sec.size 3
sec pid 1
time 215
1 1 1 0 
sec.size 3
sec pid 1
time 216
1 1 1 0 
sec.size 3
sec pid 1
time 217
1 1 1 0 
sec.size 3
sec pid 1
time 218
1 1 1 0 
sec.size 3
sec pid 1
time 219
1 1 1 0 
sec.size 3
sec pid 1
time 220
1 1 1 0 
sec.size 3
sec pid 1
time 221
1 1 1 0 
sec.size 3
sec pid 1
time 222
1 1 1 0 
sec.size 3
sec pid 1
time 223
1 1 1 0 
sec.size 3
sec pid 1
time 224
1 1 1 0 
sec.size 3
sec pid 1
time 225
1 1 1 0 
sec.size 3
sec pid 1
time 226
1 1 1 0 
sec.size 3
sec pid 1
time 227
1 1 1 0 
sec.size 3
sec pid 1
time 228
1 1 1 0 
sec.size 3
sec pid 1
time 229
1 1 1 0 
sec.size 3
sec pid 1
time 230
1 1 1 0 
sec.size 3
sec pid 1
time 231
1 1 1 0 
sec.size 3
sec pid 1
time 232
1 1 1 0 
sec.size 3
sec pid 1
time 233
1 1 1 0 
sec.size 3
sec pid 1
time 234
1 1 1 0 
sec.size 3
sec pid 1
time 235
1 1 1 0 
sec.size 3
sec pid 1
time 236
1 1 1 0 
sec.size 3
sec pid 1
time 237
1 1 1 0 
sec.size 3
sec pid 1
time 238
1 1 1 0 
sec.size 3
sec pid 1
time 239
1 1 1 0 
sec.size 3
sec pid 1
time 240
1 1 1 0 
sec.size 3
sec pid 1
time 241
1 1 1 0 
sec.size 3
sec pid 1
time 242
1 1 1 0 
sec.size 3
sec pid 1
time 243
1 1 1 0 
sec.size 3
sec pid 1
time 244
1 1 1 0 
sec.size 3
sec pid 1
time 245
1 1 1 0 
sec.size 3
sec pid 1
time 246
1 1 1 0 
sec.size 3
sec pid 1
time 247
1 1 1 0 
sec.size 3
sec pid 1
time 248
1 1 1 0 
sec.size 3
sec pid 1
time 249
1 1 1 0 
sec.size 3
sec pid 1
time 250
1 1 1 0 
sec.size 3
sec pid 1
time 251
1 1 1 0 
sec.size 3
sec pid 1
time 252
1 1 1 0 
sec.size 3
sec pid 1
time 253
1 1 1 0 
sec.size 3
sec pid 1
time 254
1 1 1 0 
sec.size 3
sec pid 1
time 255
1 1 1 0 
sec.size 3
sec pid 1
time 256
1 1 1 0 
sec.size 3
sec pid 1
time 257
1 1 1 0 
sec.size 3
sec pid 1
time 258
1 1 1 0 
sec.size 3
sec pid 1
time 259
1 1 1 0 
sec.size 3
sec pid 1
time 260
1 1 1 0 
sec.size 3
sec pid 1
time 261
1 1 1 0 
sec.size 3
sec pid 1
time 262
1 1 1 0 
sec.size 3
sec pid 1
time 263
1 1 1 0 
sec.size 3
sec pid 1
time 264
1 1 1 0 
sec.size 3
sec pid 1
time 265
1 1 1 0 
sec.size 3
sec pid 1
time 266
1 1 1 0 
sec.size 3
sec pid 1
time 267
1 1 1 0 
sec.size 3
sec pid 1
time 268
1 1 1 0 
sec.size 3
sec pid 1
time 269
1 1 1 0 
sec.size 3
sec pid 1
time 270
1 1 1 0 
sec.size 3
sec pid 1
time 271
1 1 1 0 
sec.size 3
sec pid 1
time 272
1 1 1 0 
sec.size 3
sec pid 1
time 273
1 1 1 0 
sec.size 3
sec pid 1
time 274
1 1 1 0 
sec.size 3
sec pid 1
time 275
1 1 1 0 
sec.size 3
sec pid 1
time 276
1 1 1 0 
sec.size 3
sec pid 1
time 277
1 1 1 0 
sec.size 3
sec pid 1
time 278
1 1 1 0 
sec.size 3
sec pid 1
time 279
1 1 1 0 
sec.size 3
sec pid 1
time 280
1 1 1 0 
sec.size 3
sec pid 1
time 281
1 1 1 0 
sec.size 3
sec pid 1
time 282
1 1 1 0 
sec.size 3
sec pid 1
time 283
1 1 1 0 
sec.size 3
sec pid 1
time 284
1 1 1 0 
sec.size 3
sec pid 1
time 285
1 1 1 0 
sec.size 3
sec pid 1
time 286
1 1 1 0 
sec.size 3
sec pid 1
time 287
1 1 1 0 
sec.size 3
sec pid 1
time 288
1 1 1 0 
sec.size 3
sec pid 1
time 289
1 1 1 0 
sec.size 3
sec pid 1
time 290
1 1 1 0 
sec.size 3
sec pid 1
time 291
1 1 1 0 
sec.size 3
sec pid 1
time 292
1 1 1 0 
sec.size 3
sec pid 1
time 293
1 1 1 0 
sec.size 3
sec pid 1
time 294
1 1 1 0 
sec.size 3
sec pid 1
time 295
1 1 1 0 
sec.size 3
sec pid 1
time 296
1 1 1 0 
sec.size 3
sec pid 1
time 297
1 1 1 0 
sec.size 3
sec pid 1
time 298
1 1 1 0 
sec.size 3
sec pid 1
time 299
1 1 1 0 
sec.size 3
sec pid 1
time 300
1 1 1 0 
sec.size 3
sec pid 1
time 301
1 1 1 0 
sec.size 3
sec pid 1
time 302
1 1 1 0 
sec.size 3
sec pid 1
time 303
1 1 1 0 
sec.size 3
sec pid 1
time 304
1 1 1 0 
sec.size 3
sec pid 1
time 305
1 1 1 0 
sec.size 3
sec pid 1
time 306
1 1 1 0 
sec.size 3
sec pid 1
time 307
1 1 1 0 
sec.size 3
sec pid 1
time 308
1 1 1 0 
sec.size 3
sec pid 1
time 309
1 1 1 0 
sec.size 3
sec pid 1
time 310
1 1 1 0 
sec.size 3
sec pid 1
time 311
1 1 1 0 
sec.size 3
sec pid 1
time 312
1 1 1 0 
sec.size 3
sec pid 1
time 313
1 1 1 0 
sec.size 3
sec pid 1
time 314
1 1 1 0 
sec.size 3
sec pid 1
time 315
1 1 1 0 
sec.size 3
sec pid 1
time 316
1 1 1 0 
sec.size 3
sec pid 1
time 317
1 1 1 0 
sec.size 3
sec pid 1
time 318
1 1 1 0 
sec.size 3
sec pid 1
time 319
1 1 1 0 
sec.size 3
sec pid 1
time 320
1 1 1 0 
sec.size 3
sec pid 1
time 321
1 1 1 0 
sec.size 3
sec pid 1
time 322
1 1 1 0 
sec.size 3
sec pid 1
time 323
1 1 1 0 
sec.size 3
sec pid 1
time 324
1 1 1 0 
sec.size 3
sec pid 1
time 325
1 1 1 0 
sec.size 3
sec pid 1
time 326
1 1 1 0 
sec.size 3
sec pid 1
time 327
1 1 1 0 
sec.size 3
sec pid 1
time 328
1 1 1 0 
sec.size 3
sec pid 1
time 329
1 1 1 0 
sec.size 3
sec pid 1
time 330
1 1 1 0 
sec.size 3
sec pid 1
time 331
1 1 1 0 
sec.size 3
sec pid 1
time 332
1 1 1 0 
sec.size 3
sec pid 1
time 333
1 1 1 0 
sec.size 3
sec pid 1
time 334
1 1 1 0 
sec.size 3
sec pid 1
time 335
1 1 1 0 
sec.size 3
sec pid 1
time 336
1 1 1 0 
sec.size 3
sec pid 1
time 337
1 1 1 0 
sec.size 3
sec pid 1
time 338
1 1 1 0 
sec.size 3
sec pid 1
time 339
1 1 1 0 
sec.size 3
sec pid 1
time 340
1 1 1 0 
sec.size 3
sec pid 1
time 341
1 1 1 0 
sec.size 3
sec pid 1
time 342
1 1 1 0 
sec.size 3
sec pid 1
time 343
1 1 1 0 
sec.size 3
sec pid 1
time 344
1 1 1 0 
sec.size 3
sec pid 1
time 345
1 1 1 0 
sec.size 3
sec pid 1
time 346
1 1 1 0 
sec.size 3
sec pid 1
time 347
1 1 1 0 
sec.size 3
sec pid 1
time 348
1 1 1 0 
sec.size 3
sec pid 1
time 349
1 1 1 0 
sec.size 3
sec pid 1
time 350
1 1 1 0 
sec.size 3
sec pid 1
time 351
1 1 1 0 
sec.size 3
sec pid 1
time 352
1 1 1 0 
sec.size 3
sec pid 1
time 353
1 1 1 0 
sec.size 3
sec pid 1
time 354
1 1 1 0 
sec.size 3
sec pid 1
time 355
1 1 1 0 
sec.size 3
sec pid 1
time 356
1 1 1 0 
sec.size 3
sec pid 1
time 357
1 1 1 0 
sec.size 3
sec pid 1
time 358
1 1 1 0 
sec.size 3
sec pid 1
time 359
1 1 1 0 
sec.size 3
sec pid 1
time 360
1 1 1 0 
sec.size 3
sec pid 1
time 361
1 1 1 0 
sec.size 3
sec pid 1
time 362
1 1 1 0 
sec.size 3
sec pid 1
time 363
1 1 1 0 
sec.size 3
sec pid 1
time 364
1 1 1 0 
sec.size 3
sec pid 1
time 365
1 1 1 0 
sec.size 3
sec pid 1
time 366
1 1 1 0 
sec.size 3
sec pid 1
time 367
1 1 1 0 
sec.size 3
sec pid 1
time 368
1 1 1 0 
sec.size 3
sec pid 1
time 369
1 1 1 0 
sec.size 3
sec pid 1
time 370
1 1 1 0 
sec.size 3
sec pid 1
time 371
1 1 1 0 
sec.size 3
sec pid 1
time 372
1 1 1 0 
sec.size 3
sec pid 1
time 373
1 1 1 0 
sec.size 3
sec pid 1
time 374
1 1 1 0 
sec.size 3
sec pid 1
time 375
1 1 1 0 
sec.size 3
sec pid 1
time 376
1 1 1 0 
sec.size 3
sec pid 1
time 377
1 1 1 0 
sec.size 3
sec pid 1
time 378
1 1 1 0 
sec.size 3
sec pid 1
time 379
1 1 1 0 
sec.size 3
sec pid 1
time 380
1 1 1 0 
sec.size 3
sec pid 1
time 381
1 1 1 0 
sec.size 3
sec pid 1
time 382
1 1 1 0 
sec.size 3
sec pid 1
time 383
1 1 1 0 
sec.size 3
sec pid 1
time 384
1 1 1 0 
sec.size 3
sec pid 1
time 385
1 1 1 0 
sec.size 3
sec pid 1
time 386
1 1 1 0 
sec.size 3
sec pid 1
time 387
1 1 1 0 
sec.size 3
sec pid 1
time 388
1 1 1 0 
sec.size 3
sec pid 1
time 389
1 1 1 0 
sec.size 3
sec pid 1
time 390
1 1 1 0 
sec.size 3
sec pid 1
time 391
1 1 1 0 
sec.size 3
sec pid 1
time 392
1 1 1 0 
sec.size 3
sec pid 1
time 393
1 1 1 0 
sec.size 3
sec pid 1
time 394
1 1 1 0 
sec.size 3
sec pid 1
time 395
1 1 1 0 
sec.size 3
sec pid 1
time 396
1 1 1 0 
sec.size 3
sec pid 1
time 397
1 1 1 0 
sec.size 3
sec pid 1
time 398
1 1 1 0 
sec.size 3
sec pid 1
time 399
1 1 1 0 
sec.size 3
sec pid 1
time 400
1 1 1 0 
sec.size 3
sec pid 1
time 401
1 1 1 0 
sec.size 3
sec pid 1
time 402
1 1 1 0 
sec.size 3
sec pid 1
time 403
1 1 1 0 
sec.size 3
sec pid 1
time 404
1 1 1 0 
sec.size 3
sec pid 1
time 405
1 1 1 0 
sec.size 3
sec pid 1
time 406
1 1 1 0 
sec.size 3
sec pid 1
time 407
1 1 1 0 
sec.size 3
sec pid 1
time 408
1 1 1 0 
sec.size 3
sec pid 1
time 409
1 1 1 0 
sec.size 3
sec pid 1
time 410
1 1 1 0 
sec.size 3
sec pid 1
time 411
1 1 1 0 
sec.size 3
sec pid 1
time 412
1 1 1 0 
sec.size 3
sec pid 1
time 413
1 1 1 0 
sec.size 3
sec pid 1
time 414
1 1 1 0 
sec.size 3
sec pid 1
time 415
1 1 1 0 
sec.size 3
sec pid 1
time 416
1 1 1 0 
sec.size 3
sec pid 1
time 417
1 1 1 0 
sec.size 3
sec pid 1
time 418
1 1 1 0 
sec.size 3
sec pid 1
time 419
1 1 1 0 
sec.size 3
sec pid 1
time 420
1 1 1 0 
sec.size 3
sec pid 1
time 421
1 1 1 0 
sec.size 3
sec pid 1
time 422
1 1 1 0 
sec.size 3
sec pid 1
time 423
1 1 1 0 
sec.size 3
sec pid 1
time 424
1 1 1 0 
sec.size 3
sec pid 1
time 425
1 1 1 0 
sec.size 3
sec pid 1
time 426
1 1 1 0 
sec.size 3
sec pid 1
time 427
1 1 1 0 
sec.size 3
sec pid 1
time 428
1 1 1 0 
sec.size 3
sec pid 1
time 429
1 1 1 0 
sec.size 3
sec pid 1
time 430
1 1 1 0 
sec.size 3
sec pid 1
time 431
1 1 1 0 
sec.size 3
sec pid 1
time 432
1 1 1 0 
sec.size 3
sec pid 1
time 433
1 1 1 0 
sec.size 3
sec pid 1
time 434
1 1 1 0 
sec.size 3
sec pid 1
time 435
1 1 1 0 
sec.size 3
sec pid 1
time 436
1 1 1 0 
sec.size 3
sec pid 1
time 437
1 1 1 0 
sec.size 3
sec pid 1
time 438
1 1 1 0 
sec.size 3
sec pid 1
time 439
1 1 1 0 
sec.size 3
sec pid 1
time 440
1 1 1 0 
sec.size 3
sec pid 1
time 441
1 1 1 0 
sec.size 3
sec pid 1
time 442
1 1 1 0 
sec.size 3
sec pid 1
time 443
1 1 1 0 
sec.size 3
sec pid 1
time 444
1 1 1 0 
sec.size 3
sec pid 1
time 445
1 1 1 0 
sec.size 3
sec pid 1
time 446
1 1 1 0 
sec.size 3
sec pid 1
time 447
1 1 1 0 
sec.size 3
sec pid 1
time 448
1 1 1 0 
sec.size 3
sec pid 1
time 449
1 1 1 0 
sec.size 3
sec pid 1
time 450
1 1 1 0 
sec.size 3
sec pid 1
time 451
1 1 1 0 
sec.size 3
sec pid 1
time 452
1 1 1 0 
sec.size 3
sec pid 1
time 453
1 1 1 0 
sec.size 3
sec pid 1
time 454
1 1 1 0 
sec.size 3
sec pid 1
time 455
1 1 1 0 
sec.size 3
sec pid 1
time 456
1 1 1 0 
sec.size 3
sec pid 1
time 457
1 1 1 0 
sec.size 3
sec pid 1
time 458
1 1 1 0 
sec.size 3
sec pid 1
time 459
1 1 1 0 
sec.size 3
sec pid 1
time 460
1 1 1 0 
sec.size 3
sec pid 1
time 461
1 1 1 0 
sec.size 3
sec pid 1
time 462
1 1 1 0 
sec.size 3
sec pid 1
time 463
1 1 1 0 
sec.size 3
sec pid 1
time 464
1 1 1 0 
sec.size 3
sec pid 1
time 465
1 1 1 0 
sec.size 3
sec pid 1
time 466
1 1 1 0 
sec.size 3
sec pid 1
time 467
1 1 1 0 
sec.size 3
sec pid 1
time 468
1 1 1 0 
sec.size 3
sec pid 1
time 469
1 1 1 0 
sec.size 3
sec pid 1
time 470
1 1 1 0 
sec.size 3
sec pid 1
time 471
1 1 1 0 
sec.size 3
sec pid 1
time 472
1 1 1 0 
sec.size 3
sec pid 1
time 473
1 1 1 0 
sec.size 3
sec pid 1
time 474
1 1 1 0 
sec.size 3
sec pid 1
time 475
1 1 1 0 
sec.size 3
sec pid 1
time 476
1 1 1 0 
sec.size 3
sec pid 1
time 477
1 1 1 0 
sec.size 3
sec pid 1
time 478
1 1 1 0 
sec.size 3
sec pid 1
time 479
1 1 1 0 
sec.size 3
sec pid 1
time 480
1 1 1 0 
sec.size 3
sec pid 1
time 481
1 1 1 0 
sec.size 3
sec pid 1
time 482
1 1 1 0 
sec.size 3
sec pid 1
time 483
1 1 1 0 
sec.size 3
sec pid 1
time 484
1 1 1 0 
sec.size 3
sec pid 1
time 485
1 1 1 0 
sec.size 3
sec pid 1
time 486
1 1 1 0 
sec.size 3
sec pid 1
time 487
1 1 1 0 
sec.size 3
sec pid 1
time 488
1 1 1 0 
sec.size 3
sec pid 1
time 489
1 1 1 0 
sec.size 3
sec pid 1
time 490
1 1 1 0 
sec.size 3
sec pid 1
time 491
1 1 1 0 
sec.size 3
sec pid 1
time 492
1 1 1 0 
sec.size 3
sec pid 1
time 493
1 1 1 0 
sec.size 3
sec pid 1
time 494
1 1 1 0 
sec.size 3
sec pid 1
time 495
1 1 1 0 
sec.size 3
sec pid 1
time 496
1 1 1 0 
sec.size 3
sec pid 1
time 497
1 1 1 0 
sec.size 3
sec pid 1
time 498
1 1 1 0 
sec.size 3
sec pid 1
time 499
1 1 1 0 
sec.size 3
sec pid 1
time 500
1 1 1 0 
sec.size 3
sec pid 1
========== time : 501
sec from : 0, sec sz : 1000, sec pid : -1, sec etime : 0
==========
time 501
1 1 1 1 
sec.size 2
sec pid 3
=====================================

